[34m2023-12-10 15:08:35.392 [http-nio-8080-exec-20] DEBUG com.adventurequest.controller.servlet.ChangePasswordServlet - User with IP address 0:0:0:0:0:0:0:1 sent the data for changing password
[m[34m2023-12-10 15:08:35.392 [http-nio-8080-exec-20] DEBUG com.adventurequest.controller.servlet.ChangePasswordServlet - Attempting to change password for user maks to new password 
[m[32m2023-12-10 15:08:35.459 [http-nio-8080-exec-20] INFO  com.adventurequest.controller.servlet.ChangePasswordServlet - Password changed successfully for user maks
[m[34m2023-12-10 23:38:51.219 [http-nio-8080-exec-211] DEBUG com.adventurequest.controller.servlet.ChangePasswordServlet - User with IP address 0:0:0:0:0:0:0:1 sent the data for changing password
[m[34m2023-12-10 23:38:51.221 [http-nio-8080-exec-211] DEBUG com.adventurequest.controller.servlet.ChangePasswordServlet - Attempting to change password for user maks to new password 
[m[34m2023-12-10 23:40:47.123 [http-nio-8080-exec-219] DEBUG com.adventurequest.controller.servlet.ChangePasswordServlet - User with IP address 0:0:0:0:0:0:0:1 sent the data for changing password
[m[34m2023-12-10 23:40:47.124 [http-nio-8080-exec-219] DEBUG com.adventurequest.controller.servlet.ChangePasswordServlet - Attempting to change password for user maks to new password 
[m[33m2023-12-10 23:40:47.124 [http-nio-8080-exec-219] WARN  com.adventurequest.controller.servlet.ChangePasswordServlet - Failed to change password for user maks
[m[34m2023-12-10 23:41:47.840 [http-nio-8080-exec-233] DEBUG com.adventurequest.controller.servlet.ChangePasswordServlet - User with IP address 0:0:0:0:0:0:0:1 sent the data for changing password
[m[34m2023-12-10 23:41:47.840 [http-nio-8080-exec-233] DEBUG com.adventurequest.controller.servlet.ChangePasswordServlet - Attempting to change password for user maks to new password 
[m[33m2023-12-10 23:41:47.840 [http-nio-8080-exec-233] WARN  com.adventurequest.controller.servlet.ChangePasswordServlet - Failed to change password for user maks
[m[34m2023-12-10 23:43:46.920 [http-nio-8080-exec-234] DEBUG com.adventurequest.controller.servlet.ChangePasswordServlet - User with IP address 0:0:0:0:0:0:0:1 sent the data for changing password
[m[34m2023-12-10 23:43:46.921 [http-nio-8080-exec-234] DEBUG com.adventurequest.controller.servlet.ChangePasswordServlet - Attempting to change password for user maks to new password 
[m[33m2023-12-10 23:43:46.921 [http-nio-8080-exec-234] WARN  com.adventurequest.controller.servlet.ChangePasswordServlet - Failed to change password for user maks
[m[34m2023-12-11 00:01:24.826 [http-nio-8080-exec-256] DEBUG com.adventurequest.controller.servlet.ChangePasswordServlet - User with IP address 0:0:0:0:0:0:0:1 sent the data for changing password
[m[34m2023-12-11 00:01:24.827 [http-nio-8080-exec-256] DEBUG com.adventurequest.controller.servlet.ChangePasswordServlet - Attempting to change password for user maks to new password 
[m[33m2023-12-11 00:01:24.827 [http-nio-8080-exec-256] WARN  com.adventurequest.controller.servlet.ChangePasswordServlet - Failed to change password for user maks
[m[34m2023-12-11 00:01:29.783 [http-nio-8080-exec-257] DEBUG com.adventurequest.controller.servlet.ChangePasswordServlet - User with IP address 0:0:0:0:0:0:0:1 sent the data for changing password
[m[34m2023-12-11 00:01:29.783 [http-nio-8080-exec-257] DEBUG com.adventurequest.controller.servlet.ChangePasswordServlet - Attempting to change password for user maks to new password 
[m[32m2023-12-11 00:01:29.918 [http-nio-8080-exec-257] INFO  com.adventurequest.controller.servlet.ChangePasswordServlet - Password changed successfully for user maks
[m[34m2023-12-11 00:01:31.449 [http-nio-8080-exec-258] DEBUG com.adventurequest.controller.servlet.ChangePasswordServlet - User with IP address 0:0:0:0:0:0:0:1 sent the data for changing password
[m[34m2023-12-11 00:01:31.450 [http-nio-8080-exec-258] DEBUG com.adventurequest.controller.servlet.ChangePasswordServlet - Attempting to change password for user maks to new password 
[m[32m2023-12-11 00:01:31.485 [http-nio-8080-exec-258] INFO  com.adventurequest.controller.servlet.ChangePasswordServlet - Password changed successfully for user maks
[m[34m2023-12-11 00:01:32.988 [http-nio-8080-exec-259] DEBUG com.adventurequest.controller.servlet.ChangePasswordServlet - User with IP address 0:0:0:0:0:0:0:1 sent the data for changing password
[m[34m2023-12-11 00:01:32.988 [http-nio-8080-exec-259] DEBUG com.adventurequest.controller.servlet.ChangePasswordServlet - Attempting to change password for user maks to new password 
[m[32m2023-12-11 00:01:33.023 [http-nio-8080-exec-259] INFO  com.adventurequest.controller.servlet.ChangePasswordServlet - Password changed successfully for user maks
[m[34m2023-12-11 21:27:47.924 [http-nio-8080-exec-7] DEBUG com.adventurequest.controller.servlet.ChangePasswordServlet - User with IP address 0:0:0:0:0:0:0:1 sent the data for changing password
[m[34m2023-12-11 21:27:47.925 [http-nio-8080-exec-7] DEBUG com.adventurequest.controller.servlet.ChangePasswordServlet - Attempting to change password for user maks to new password 
[m[32m2023-12-11 21:27:47.981 [http-nio-8080-exec-7] INFO  com.adventurequest.controller.servlet.ChangePasswordServlet - Password changed successfully for user maks
[m[34m2023-12-11 21:27:50.241 [http-nio-8080-exec-3] DEBUG com.adventurequest.controller.servlet.ChangePasswordServlet - User with IP address 0:0:0:0:0:0:0:1 sent the data for changing password
[m[34m2023-12-11 21:27:50.241 [http-nio-8080-exec-3] DEBUG com.adventurequest.controller.servlet.ChangePasswordServlet - Attempting to change password for user maks to new password 
[m[32m2023-12-11 21:27:50.405 [http-nio-8080-exec-3] INFO  com.adventurequest.controller.servlet.ChangePasswordServlet - Password changed successfully for user maks
[m[34m2023-12-12 01:47:40.287 [http-nio-8080-exec-35] DEBUG com.adventurequest.controller.servlet.ChangePasswordServlet - User with IP address 0:0:0:0:0:0:0:1 sent the data for changing password
[m[34m2023-12-12 01:47:40.291 [http-nio-8080-exec-35] DEBUG com.adventurequest.controller.servlet.ChangePasswordServlet - Attempting to change password for user maks to new password 
[m[33m2023-12-12 01:47:40.291 [http-nio-8080-exec-35] WARN  com.adventurequest.controller.servlet.ChangePasswordServlet - Failed to change password for user maks
[m[34m2023-12-12 23:26:06.269 [http-nio-8080-exec-1] DEBUG com.adventurequest.controller.servlet.ChangePasswordServlet - User with IP address 0:0:0:0:0:0:0:1 sent the data for changing password
[m[34m2023-12-12 23:26:06.270 [http-nio-8080-exec-1] DEBUG com.adventurequest.controller.servlet.ChangePasswordServlet - Attempting to change password for user maks to new password 
[m[33m2023-12-12 23:26:06.270 [http-nio-8080-exec-1] WARN  com.adventurequest.controller.servlet.ChangePasswordServlet - Failed to change password for user maks
[m[34m2023-12-13 01:00:57.104 [http-nio-8080-exec-16] DEBUG com.adventurequest.controller.servlet.ChangePasswordServlet - User with IP address 0:0:0:0:0:0:0:1 sent the data for changing password
[m[34m2023-12-13 01:00:57.104 [http-nio-8080-exec-16] DEBUG com.adventurequest.controller.servlet.ChangePasswordServlet - Attempting to change password for user maks to new password 
[m[33m2023-12-13 01:00:57.105 [http-nio-8080-exec-16] WARN  com.adventurequest.controller.servlet.ChangePasswordServlet - Failed to change password for user maks
[m[34m2023-12-13 01:01:59.272 [http-nio-8080-exec-19] DEBUG com.adventurequest.controller.servlet.ChangePasswordServlet - User with IP address 0:0:0:0:0:0:0:1 sent the data for changing password
[m[34m2023-12-13 01:01:59.272 [http-nio-8080-exec-19] DEBUG com.adventurequest.controller.servlet.ChangePasswordServlet - Attempting to change password for user maks to new password 
[m[33m2023-12-13 01:01:59.272 [http-nio-8080-exec-19] WARN  com.adventurequest.controller.servlet.ChangePasswordServlet - Failed to change password for user maks
[m[34m2023-12-13 01:02:01.186 [http-nio-8080-exec-17] DEBUG com.adventurequest.controller.servlet.ChangePasswordServlet - User with IP address 0:0:0:0:0:0:0:1 sent the data for changing password
[m[34m2023-12-13 01:02:01.187 [http-nio-8080-exec-17] DEBUG com.adventurequest.controller.servlet.ChangePasswordServlet - Attempting to change password for user maks to new password 
[m[33m2023-12-13 01:02:01.187 [http-nio-8080-exec-17] WARN  com.adventurequest.controller.servlet.ChangePasswordServlet - Failed to change password for user maks
[m[34m2023-12-13 01:02:36.277 [http-nio-8080-exec-24] DEBUG com.adventurequest.controller.servlet.ChangePasswordServlet - User with IP address 0:0:0:0:0:0:0:1 sent the data for changing password
[m[34m2023-12-13 01:02:36.278 [http-nio-8080-exec-24] DEBUG com.adventurequest.controller.servlet.ChangePasswordServlet - Attempting to change password for user maks to new password 
[m[33m2023-12-13 01:02:36.278 [http-nio-8080-exec-24] WARN  com.adventurequest.controller.servlet.ChangePasswordServlet - Failed to change password for user maks
[m[34m2023-12-13 01:52:50.349 [http-nio-8080-exec-23] DEBUG com.adventurequest.controller.servlet.ChangePasswordServlet - User with IP address 0:0:0:0:0:0:0:1 sent the data for changing password
[m[34m2023-12-13 01:52:50.350 [http-nio-8080-exec-23] DEBUG com.adventurequest.controller.servlet.ChangePasswordServlet - Attempting to change password for user maks to new password 
[m[33m2023-12-13 01:52:50.350 [http-nio-8080-exec-23] WARN  com.adventurequest.controller.servlet.ChangePasswordServlet - Failed to change password for user maks
[m[34m2023-12-13 01:52:55.430 [http-nio-8080-exec-22] DEBUG com.adventurequest.controller.servlet.ChangePasswordServlet - User with IP address 0:0:0:0:0:0:0:1 sent the data for changing password
[m[34m2023-12-13 01:52:55.430 [http-nio-8080-exec-22] DEBUG com.adventurequest.controller.servlet.ChangePasswordServlet - Attempting to change password for user maks to new password 
[m[32m2023-12-13 01:52:55.501 [http-nio-8080-exec-22] INFO  com.adventurequest.controller.servlet.ChangePasswordServlet - Password changed successfully for user maks
[m[34m2023-12-13 01:52:57.638 [http-nio-8080-exec-13] DEBUG com.adventurequest.controller.servlet.ChangePasswordServlet - User with IP address 0:0:0:0:0:0:0:1 sent the data for changing password
[m[34m2023-12-13 01:52:57.639 [http-nio-8080-exec-13] DEBUG com.adventurequest.controller.servlet.ChangePasswordServlet - Attempting to change password for user maks to new password 
[m[32m2023-12-13 01:52:57.711 [http-nio-8080-exec-13] INFO  com.adventurequest.controller.servlet.ChangePasswordServlet - Password changed successfully for user maks
[m