[32m2023-12-24 01:36:42.988 [http-nio-8080-exec-6] INFO  com.adventurequest.controller.servlet.ChangeUserPhotoServlet - Change photo data received from user: lol
[m[34m2023-12-24 01:36:43.005 [http-nio-8080-exec-6] DEBUG com.adventurequest.controller.servlet.ChangeUserPhotoServlet - Attempting to change photo for user lol
[m[32m2023-12-24 01:36:43.059 [http-nio-8080-exec-6] INFO  com.adventurequest.controller.servlet.ChangeUserPhotoServlet - Photo changed successfully for user: lol
[m[32m2023-12-24 01:36:54.043 [http-nio-8080-exec-8] INFO  com.adventurequest.controller.servlet.ChangeUserPhotoServlet - Change photo data received from user: lol
[m[34m2023-12-24 01:36:54.047 [http-nio-8080-exec-8] DEBUG com.adventurequest.controller.servlet.ChangeUserPhotoServlet - Attempting to change photo for user lol
[m[32m2023-12-24 01:36:54.087 [http-nio-8080-exec-8] INFO  com.adventurequest.controller.servlet.ChangeUserPhotoServlet - Photo changed successfully for user: lol
[m[32m2023-12-24 01:37:01.708 [http-nio-8080-exec-9] INFO  com.adventurequest.controller.servlet.ChangeUserPhotoServlet - Change photo data received from user: lol
[m[34m2023-12-24 01:37:01.712 [http-nio-8080-exec-9] DEBUG com.adventurequest.controller.servlet.ChangeUserPhotoServlet - Attempting to change photo for user lol
[m[32m2023-12-24 01:37:01.760 [http-nio-8080-exec-9] INFO  com.adventurequest.controller.servlet.ChangeUserPhotoServlet - Photo changed successfully for user: lol
[m[32m2023-12-24 01:37:27.291 [http-nio-8080-exec-2] INFO  com.adventurequest.controller.servlet.ChangeUserPhotoServlet - Change photo data received from user: lol
[m[31m2023-12-24 01:37:27.297 [http-nio-8080-exec-2] ERROR com.adventurequest.controller.servlet.ChangeUserPhotoServlet - Exception while changing user photo
[m java.lang.IllegalStateException: org.apache.tomcat.util.http.fileupload.impl.SizeLimitExceededException: the request was rejected because its size (2689310995) exceeds the configured maximum (20971520)
	at org.apache.catalina.connector.Request.parseParts(Request.java:2825) ~[catalina.jar:10.1.15]
	at org.apache.catalina.connector.Request.getParts(Request.java:2685) ~[catalina.jar:10.1.15]
	at org.apache.catalina.connector.Request.getPart(Request.java:2848) ~[catalina.jar:10.1.15]
	at org.apache.catalina.connector.RequestFacade.getPart(RequestFacade.java:780) ~[catalina.jar:10.1.15]
	at com.adventurequest.controller.servlet.ChangeUserPhotoServlet.doPost(ChangePhotoServlet.java:42) [classes/:?]
	at jakarta.servlet.http.HttpServlet.service(HttpServlet.java:590) [servlet-api.jar:6.0]
	at jakarta.servlet.http.HttpServlet.service(HttpServlet.java:658) [servlet-api.jar:6.0]
	at org.apache.catalina.core.ApplicationFilterChain.internalDoFilter(ApplicationFilterChain.java:205) [catalina.jar:10.1.15]
	at org.apache.catalina.core.ApplicationFilterChain.doFilter(ApplicationFilterChain.java:149) [catalina.jar:10.1.15]
	at org.apache.tomcat.websocket.server.WsFilter.doFilter(WsFilter.java:51) [tomcat-websocket.jar:10.1.15]
	at org.apache.catalina.core.ApplicationFilterChain.internalDoFilter(ApplicationFilterChain.java:174) [catalina.jar:10.1.15]
	at org.apache.catalina.core.ApplicationFilterChain.doFilter(ApplicationFilterChain.java:149) [catalina.jar:10.1.15]
	at com.adventurequest.controller.filter.AuthorizationFilter.doFilter(AuthorizationFilter.java:39) [classes/:?]
	at org.apache.catalina.core.ApplicationFilterChain.internalDoFilter(ApplicationFilterChain.java:174) [catalina.jar:10.1.15]
	at org.apache.catalina.core.ApplicationFilterChain.doFilter(ApplicationFilterChain.java:149) [catalina.jar:10.1.15]
	at org.apache.catalina.core.StandardWrapperValve.invoke(StandardWrapperValve.java:167) [catalina.jar:10.1.15]
	at org.apache.catalina.core.StandardContextValve.invoke(StandardContextValve.java:90) [catalina.jar:10.1.15]
	at org.apache.catalina.authenticator.AuthenticatorBase.invoke(AuthenticatorBase.java:482) [catalina.jar:10.1.15]
	at org.apache.catalina.core.StandardHostValve.invoke(StandardHostValve.java:115) [catalina.jar:10.1.15]
	at org.apache.catalina.valves.ErrorReportValve.invoke(ErrorReportValve.java:93) [catalina.jar:10.1.15]
	at org.apache.catalina.valves.AbstractAccessLogValve.invoke(AbstractAccessLogValve.java:673) [catalina.jar:10.1.15]
	at org.apache.catalina.core.StandardEngineValve.invoke(StandardEngineValve.java:74) [catalina.jar:10.1.15]
	at org.apache.catalina.connector.CoyoteAdapter.service(CoyoteAdapter.java:340) [catalina.jar:10.1.15]
	at org.apache.coyote.http11.Http11Processor.service(Http11Processor.java:391) [tomcat-coyote.jar:10.1.15]
	at org.apache.coyote.AbstractProcessorLight.process(AbstractProcessorLight.java:63) [tomcat-coyote.jar:10.1.15]
	at org.apache.coyote.AbstractProtocol$ConnectionHandler.process(AbstractProtocol.java:896) [tomcat-coyote.jar:10.1.15]
	at org.apache.tomcat.util.net.NioEndpoint$SocketProcessor.doRun(NioEndpoint.java:1744) [tomcat-coyote.jar:10.1.15]
	at org.apache.tomcat.util.net.SocketProcessorBase.run(SocketProcessorBase.java:52) [tomcat-coyote.jar:10.1.15]
	at org.apache.tomcat.util.threads.ThreadPoolExecutor.runWorker(ThreadPoolExecutor.java:1191) [tomcat-util.jar:10.1.15]
	at org.apache.tomcat.util.threads.ThreadPoolExecutor$Worker.run(ThreadPoolExecutor.java:659) [tomcat-util.jar:10.1.15]
	at org.apache.tomcat.util.threads.TaskThread$WrappingRunnable.run(TaskThread.java:61) [tomcat-util.jar:10.1.15]
	at java.base/java.lang.Thread.run(Thread.java:1589) [?:?]
Caused by: org.apache.tomcat.util.http.fileupload.impl.SizeLimitExceededException: the request was rejected because its size (2689310995) exceeds the configured maximum (20971520)
	at org.apache.tomcat.util.http.fileupload.impl.FileItemIteratorImpl.init(FileItemIteratorImpl.java:161) ~[tomcat-coyote.jar:10.1.15]
	at org.apache.tomcat.util.http.fileupload.impl.FileItemIteratorImpl.getMultiPartStream(FileItemIteratorImpl.java:205) ~[tomcat-coyote.jar:10.1.15]
	at org.apache.tomcat.util.http.fileupload.impl.FileItemIteratorImpl.findNextItem(FileItemIteratorImpl.java:224) ~[tomcat-coyote.jar:10.1.15]
	at org.apache.tomcat.util.http.fileupload.impl.FileItemIteratorImpl.<init>(FileItemIteratorImpl.java:142) ~[tomcat-coyote.jar:10.1.15]
	at org.apache.tomcat.util.http.fileupload.FileUploadBase.getItemIterator(FileUploadBase.java:252) ~[tomcat-coyote.jar:10.1.15]
	at org.apache.tomcat.util.http.fileupload.FileUploadBase.parseRequest(FileUploadBase.java:276) ~[tomcat-coyote.jar:10.1.15]
	at org.apache.catalina.connector.Request.parseParts(Request.java:2784) ~[catalina.jar:10.1.15]
	... 31 more
[32m2023-12-24 01:37:28.395 [http-nio-8080-exec-3] INFO  com.adventurequest.controller.servlet.ChangeUserPhotoServlet - Change photo data received from user: lol
[m[31m2023-12-24 01:37:28.396 [http-nio-8080-exec-3] ERROR com.adventurequest.controller.servlet.ChangeUserPhotoServlet - Exception while changing user photo
[m java.lang.IllegalStateException: org.apache.tomcat.util.http.fileupload.impl.SizeLimitExceededException: the request was rejected because its size (2689310995) exceeds the configured maximum (20971520)
	at org.apache.catalina.connector.Request.parseParts(Request.java:2825) ~[catalina.jar:10.1.15]
	at org.apache.catalina.connector.Request.getParts(Request.java:2685) ~[catalina.jar:10.1.15]
	at org.apache.catalina.connector.Request.getPart(Request.java:2848) ~[catalina.jar:10.1.15]
	at org.apache.catalina.connector.RequestFacade.getPart(RequestFacade.java:780) ~[catalina.jar:10.1.15]
	at com.adventurequest.controller.servlet.ChangeUserPhotoServlet.doPost(ChangePhotoServlet.java:42) [classes/:?]
	at jakarta.servlet.http.HttpServlet.service(HttpServlet.java:590) [servlet-api.jar:6.0]
	at jakarta.servlet.http.HttpServlet.service(HttpServlet.java:658) [servlet-api.jar:6.0]
	at org.apache.catalina.core.ApplicationFilterChain.internalDoFilter(ApplicationFilterChain.java:205) [catalina.jar:10.1.15]
	at org.apache.catalina.core.ApplicationFilterChain.doFilter(ApplicationFilterChain.java:149) [catalina.jar:10.1.15]
	at org.apache.tomcat.websocket.server.WsFilter.doFilter(WsFilter.java:51) [tomcat-websocket.jar:10.1.15]
	at org.apache.catalina.core.ApplicationFilterChain.internalDoFilter(ApplicationFilterChain.java:174) [catalina.jar:10.1.15]
	at org.apache.catalina.core.ApplicationFilterChain.doFilter(ApplicationFilterChain.java:149) [catalina.jar:10.1.15]
	at com.adventurequest.controller.filter.AuthorizationFilter.doFilter(AuthorizationFilter.java:39) [classes/:?]
	at org.apache.catalina.core.ApplicationFilterChain.internalDoFilter(ApplicationFilterChain.java:174) [catalina.jar:10.1.15]
	at org.apache.catalina.core.ApplicationFilterChain.doFilter(ApplicationFilterChain.java:149) [catalina.jar:10.1.15]
	at org.apache.catalina.core.StandardWrapperValve.invoke(StandardWrapperValve.java:167) [catalina.jar:10.1.15]
	at org.apache.catalina.core.StandardContextValve.invoke(StandardContextValve.java:90) [catalina.jar:10.1.15]
	at org.apache.catalina.authenticator.AuthenticatorBase.invoke(AuthenticatorBase.java:482) [catalina.jar:10.1.15]
	at org.apache.catalina.core.StandardHostValve.invoke(StandardHostValve.java:115) [catalina.jar:10.1.15]
	at org.apache.catalina.valves.ErrorReportValve.invoke(ErrorReportValve.java:93) [catalina.jar:10.1.15]
	at org.apache.catalina.valves.AbstractAccessLogValve.invoke(AbstractAccessLogValve.java:673) [catalina.jar:10.1.15]
	at org.apache.catalina.core.StandardEngineValve.invoke(StandardEngineValve.java:74) [catalina.jar:10.1.15]
	at org.apache.catalina.connector.CoyoteAdapter.service(CoyoteAdapter.java:340) [catalina.jar:10.1.15]
	at org.apache.coyote.http11.Http11Processor.service(Http11Processor.java:391) [tomcat-coyote.jar:10.1.15]
	at org.apache.coyote.AbstractProcessorLight.process(AbstractProcessorLight.java:63) [tomcat-coyote.jar:10.1.15]
	at org.apache.coyote.AbstractProtocol$ConnectionHandler.process(AbstractProtocol.java:896) [tomcat-coyote.jar:10.1.15]
	at org.apache.tomcat.util.net.NioEndpoint$SocketProcessor.doRun(NioEndpoint.java:1744) [tomcat-coyote.jar:10.1.15]
	at org.apache.tomcat.util.net.SocketProcessorBase.run(SocketProcessorBase.java:52) [tomcat-coyote.jar:10.1.15]
	at org.apache.tomcat.util.threads.ThreadPoolExecutor.runWorker(ThreadPoolExecutor.java:1191) [tomcat-util.jar:10.1.15]
	at org.apache.tomcat.util.threads.ThreadPoolExecutor$Worker.run(ThreadPoolExecutor.java:659) [tomcat-util.jar:10.1.15]
	at org.apache.tomcat.util.threads.TaskThread$WrappingRunnable.run(TaskThread.java:61) [tomcat-util.jar:10.1.15]
	at java.base/java.lang.Thread.run(Thread.java:1589) [?:?]
Caused by: org.apache.tomcat.util.http.fileupload.impl.SizeLimitExceededException: the request was rejected because its size (2689310995) exceeds the configured maximum (20971520)
	at org.apache.tomcat.util.http.fileupload.impl.FileItemIteratorImpl.init(FileItemIteratorImpl.java:161) ~[tomcat-coyote.jar:10.1.15]
	at org.apache.tomcat.util.http.fileupload.impl.FileItemIteratorImpl.getMultiPartStream(FileItemIteratorImpl.java:205) ~[tomcat-coyote.jar:10.1.15]
	at org.apache.tomcat.util.http.fileupload.impl.FileItemIteratorImpl.findNextItem(FileItemIteratorImpl.java:224) ~[tomcat-coyote.jar:10.1.15]
	at org.apache.tomcat.util.http.fileupload.impl.FileItemIteratorImpl.<init>(FileItemIteratorImpl.java:142) ~[tomcat-coyote.jar:10.1.15]
	at org.apache.tomcat.util.http.fileupload.FileUploadBase.getItemIterator(FileUploadBase.java:252) ~[tomcat-coyote.jar:10.1.15]
	at org.apache.tomcat.util.http.fileupload.FileUploadBase.parseRequest(FileUploadBase.java:276) ~[tomcat-coyote.jar:10.1.15]
	at org.apache.catalina.connector.Request.parseParts(Request.java:2784) ~[catalina.jar:10.1.15]
	... 31 more
[32m2023-12-24 01:37:29.300 [http-nio-8080-exec-4] INFO  com.adventurequest.controller.servlet.ChangeUserPhotoServlet - Change photo data received from user: lol
[m[31m2023-12-24 01:37:29.301 [http-nio-8080-exec-4] ERROR com.adventurequest.controller.servlet.ChangeUserPhotoServlet - Exception while changing user photo
[m java.lang.IllegalStateException: org.apache.tomcat.util.http.fileupload.impl.SizeLimitExceededException: the request was rejected because its size (2689310995) exceeds the configured maximum (20971520)
	at org.apache.catalina.connector.Request.parseParts(Request.java:2825) ~[catalina.jar:10.1.15]
	at org.apache.catalina.connector.Request.getParts(Request.java:2685) ~[catalina.jar:10.1.15]
	at org.apache.catalina.connector.Request.getPart(Request.java:2848) ~[catalina.jar:10.1.15]
	at org.apache.catalina.connector.RequestFacade.getPart(RequestFacade.java:780) ~[catalina.jar:10.1.15]
	at com.adventurequest.controller.servlet.ChangeUserPhotoServlet.doPost(ChangePhotoServlet.java:42) [classes/:?]
	at jakarta.servlet.http.HttpServlet.service(HttpServlet.java:590) [servlet-api.jar:6.0]
	at jakarta.servlet.http.HttpServlet.service(HttpServlet.java:658) [servlet-api.jar:6.0]
	at org.apache.catalina.core.ApplicationFilterChain.internalDoFilter(ApplicationFilterChain.java:205) [catalina.jar:10.1.15]
	at org.apache.catalina.core.ApplicationFilterChain.doFilter(ApplicationFilterChain.java:149) [catalina.jar:10.1.15]
	at org.apache.tomcat.websocket.server.WsFilter.doFilter(WsFilter.java:51) [tomcat-websocket.jar:10.1.15]
	at org.apache.catalina.core.ApplicationFilterChain.internalDoFilter(ApplicationFilterChain.java:174) [catalina.jar:10.1.15]
	at org.apache.catalina.core.ApplicationFilterChain.doFilter(ApplicationFilterChain.java:149) [catalina.jar:10.1.15]
	at com.adventurequest.controller.filter.AuthorizationFilter.doFilter(AuthorizationFilter.java:39) [classes/:?]
	at org.apache.catalina.core.ApplicationFilterChain.internalDoFilter(ApplicationFilterChain.java:174) [catalina.jar:10.1.15]
	at org.apache.catalina.core.ApplicationFilterChain.doFilter(ApplicationFilterChain.java:149) [catalina.jar:10.1.15]
	at org.apache.catalina.core.StandardWrapperValve.invoke(StandardWrapperValve.java:167) [catalina.jar:10.1.15]
	at org.apache.catalina.core.StandardContextValve.invoke(StandardContextValve.java:90) [catalina.jar:10.1.15]
	at org.apache.catalina.authenticator.AuthenticatorBase.invoke(AuthenticatorBase.java:482) [catalina.jar:10.1.15]
	at org.apache.catalina.core.StandardHostValve.invoke(StandardHostValve.java:115) [catalina.jar:10.1.15]
	at org.apache.catalina.valves.ErrorReportValve.invoke(ErrorReportValve.java:93) [catalina.jar:10.1.15]
	at org.apache.catalina.valves.AbstractAccessLogValve.invoke(AbstractAccessLogValve.java:673) [catalina.jar:10.1.15]
	at org.apache.catalina.core.StandardEngineValve.invoke(StandardEngineValve.java:74) [catalina.jar:10.1.15]
	at org.apache.catalina.connector.CoyoteAdapter.service(CoyoteAdapter.java:340) [catalina.jar:10.1.15]
	at org.apache.coyote.http11.Http11Processor.service(Http11Processor.java:391) [tomcat-coyote.jar:10.1.15]
	at org.apache.coyote.AbstractProcessorLight.process(AbstractProcessorLight.java:63) [tomcat-coyote.jar:10.1.15]
	at org.apache.coyote.AbstractProtocol$ConnectionHandler.process(AbstractProtocol.java:896) [tomcat-coyote.jar:10.1.15]
	at org.apache.tomcat.util.net.NioEndpoint$SocketProcessor.doRun(NioEndpoint.java:1744) [tomcat-coyote.jar:10.1.15]
	at org.apache.tomcat.util.net.SocketProcessorBase.run(SocketProcessorBase.java:52) [tomcat-coyote.jar:10.1.15]
	at org.apache.tomcat.util.threads.ThreadPoolExecutor.runWorker(ThreadPoolExecutor.java:1191) [tomcat-util.jar:10.1.15]
	at org.apache.tomcat.util.threads.ThreadPoolExecutor$Worker.run(ThreadPoolExecutor.java:659) [tomcat-util.jar:10.1.15]
	at org.apache.tomcat.util.threads.TaskThread$WrappingRunnable.run(TaskThread.java:61) [tomcat-util.jar:10.1.15]
	at java.base/java.lang.Thread.run(Thread.java:1589) [?:?]
Caused by: org.apache.tomcat.util.http.fileupload.impl.SizeLimitExceededException: the request was rejected because its size (2689310995) exceeds the configured maximum (20971520)
	at org.apache.tomcat.util.http.fileupload.impl.FileItemIteratorImpl.init(FileItemIteratorImpl.java:161) ~[tomcat-coyote.jar:10.1.15]
	at org.apache.tomcat.util.http.fileupload.impl.FileItemIteratorImpl.getMultiPartStream(FileItemIteratorImpl.java:205) ~[tomcat-coyote.jar:10.1.15]
	at org.apache.tomcat.util.http.fileupload.impl.FileItemIteratorImpl.findNextItem(FileItemIteratorImpl.java:224) ~[tomcat-coyote.jar:10.1.15]
	at org.apache.tomcat.util.http.fileupload.impl.FileItemIteratorImpl.<init>(FileItemIteratorImpl.java:142) ~[tomcat-coyote.jar:10.1.15]
	at org.apache.tomcat.util.http.fileupload.FileUploadBase.getItemIterator(FileUploadBase.java:252) ~[tomcat-coyote.jar:10.1.15]
	at org.apache.tomcat.util.http.fileupload.FileUploadBase.parseRequest(FileUploadBase.java:276) ~[tomcat-coyote.jar:10.1.15]
	at org.apache.catalina.connector.Request.parseParts(Request.java:2784) ~[catalina.jar:10.1.15]
	... 31 more
[32m2023-12-24 01:38:23.892 [http-nio-8080-exec-5] INFO  com.adventurequest.controller.servlet.ChangeUserPhotoServlet - Change photo data received from user: lol
[m[31m2023-12-24 01:38:23.893 [http-nio-8080-exec-5] ERROR com.adventurequest.controller.servlet.ChangeUserPhotoServlet - Exception while changing user photo
[m java.lang.IllegalStateException: org.apache.tomcat.util.http.fileupload.impl.SizeLimitExceededException: the request was rejected because its size (2689310995) exceeds the configured maximum (20971520)
	at org.apache.catalina.connector.Request.parseParts(Request.java:2825) ~[catalina.jar:10.1.15]
	at org.apache.catalina.connector.Request.getParts(Request.java:2685) ~[catalina.jar:10.1.15]
	at org.apache.catalina.connector.Request.getPart(Request.java:2848) ~[catalina.jar:10.1.15]
	at org.apache.catalina.connector.RequestFacade.getPart(RequestFacade.java:780) ~[catalina.jar:10.1.15]
	at com.adventurequest.controller.servlet.ChangeUserPhotoServlet.doPost(ChangePhotoServlet.java:42) [classes/:?]
	at jakarta.servlet.http.HttpServlet.service(HttpServlet.java:590) [servlet-api.jar:6.0]
	at jakarta.servlet.http.HttpServlet.service(HttpServlet.java:658) [servlet-api.jar:6.0]
	at org.apache.catalina.core.ApplicationFilterChain.internalDoFilter(ApplicationFilterChain.java:205) [catalina.jar:10.1.15]
	at org.apache.catalina.core.ApplicationFilterChain.doFilter(ApplicationFilterChain.java:149) [catalina.jar:10.1.15]
	at org.apache.tomcat.websocket.server.WsFilter.doFilter(WsFilter.java:51) [tomcat-websocket.jar:10.1.15]
	at org.apache.catalina.core.ApplicationFilterChain.internalDoFilter(ApplicationFilterChain.java:174) [catalina.jar:10.1.15]
	at org.apache.catalina.core.ApplicationFilterChain.doFilter(ApplicationFilterChain.java:149) [catalina.jar:10.1.15]
	at com.adventurequest.controller.filter.AuthorizationFilter.doFilter(AuthorizationFilter.java:39) [classes/:?]
	at org.apache.catalina.core.ApplicationFilterChain.internalDoFilter(ApplicationFilterChain.java:174) [catalina.jar:10.1.15]
	at org.apache.catalina.core.ApplicationFilterChain.doFilter(ApplicationFilterChain.java:149) [catalina.jar:10.1.15]
	at org.apache.catalina.core.StandardWrapperValve.invoke(StandardWrapperValve.java:167) [catalina.jar:10.1.15]
	at org.apache.catalina.core.StandardContextValve.invoke(StandardContextValve.java:90) [catalina.jar:10.1.15]
	at org.apache.catalina.authenticator.AuthenticatorBase.invoke(AuthenticatorBase.java:482) [catalina.jar:10.1.15]
	at org.apache.catalina.core.StandardHostValve.invoke(StandardHostValve.java:115) [catalina.jar:10.1.15]
	at org.apache.catalina.valves.ErrorReportValve.invoke(ErrorReportValve.java:93) [catalina.jar:10.1.15]
	at org.apache.catalina.valves.AbstractAccessLogValve.invoke(AbstractAccessLogValve.java:673) [catalina.jar:10.1.15]
	at org.apache.catalina.core.StandardEngineValve.invoke(StandardEngineValve.java:74) [catalina.jar:10.1.15]
	at org.apache.catalina.connector.CoyoteAdapter.service(CoyoteAdapter.java:340) [catalina.jar:10.1.15]
	at org.apache.coyote.http11.Http11Processor.service(Http11Processor.java:391) [tomcat-coyote.jar:10.1.15]
	at org.apache.coyote.AbstractProcessorLight.process(AbstractProcessorLight.java:63) [tomcat-coyote.jar:10.1.15]
	at org.apache.coyote.AbstractProtocol$ConnectionHandler.process(AbstractProtocol.java:896) [tomcat-coyote.jar:10.1.15]
	at org.apache.tomcat.util.net.NioEndpoint$SocketProcessor.doRun(NioEndpoint.java:1744) [tomcat-coyote.jar:10.1.15]
	at org.apache.tomcat.util.net.SocketProcessorBase.run(SocketProcessorBase.java:52) [tomcat-coyote.jar:10.1.15]
	at org.apache.tomcat.util.threads.ThreadPoolExecutor.runWorker(ThreadPoolExecutor.java:1191) [tomcat-util.jar:10.1.15]
	at org.apache.tomcat.util.threads.ThreadPoolExecutor$Worker.run(ThreadPoolExecutor.java:659) [tomcat-util.jar:10.1.15]
	at org.apache.tomcat.util.threads.TaskThread$WrappingRunnable.run(TaskThread.java:61) [tomcat-util.jar:10.1.15]
	at java.base/java.lang.Thread.run(Thread.java:1589) [?:?]
Caused by: org.apache.tomcat.util.http.fileupload.impl.SizeLimitExceededException: the request was rejected because its size (2689310995) exceeds the configured maximum (20971520)
	at org.apache.tomcat.util.http.fileupload.impl.FileItemIteratorImpl.init(FileItemIteratorImpl.java:161) ~[tomcat-coyote.jar:10.1.15]
	at org.apache.tomcat.util.http.fileupload.impl.FileItemIteratorImpl.getMultiPartStream(FileItemIteratorImpl.java:205) ~[tomcat-coyote.jar:10.1.15]
	at org.apache.tomcat.util.http.fileupload.impl.FileItemIteratorImpl.findNextItem(FileItemIteratorImpl.java:224) ~[tomcat-coyote.jar:10.1.15]
	at org.apache.tomcat.util.http.fileupload.impl.FileItemIteratorImpl.<init>(FileItemIteratorImpl.java:142) ~[tomcat-coyote.jar:10.1.15]
	at org.apache.tomcat.util.http.fileupload.FileUploadBase.getItemIterator(FileUploadBase.java:252) ~[tomcat-coyote.jar:10.1.15]
	at org.apache.tomcat.util.http.fileupload.FileUploadBase.parseRequest(FileUploadBase.java:276) ~[tomcat-coyote.jar:10.1.15]
	at org.apache.catalina.connector.Request.parseParts(Request.java:2784) ~[catalina.jar:10.1.15]
	... 31 more
[32m2023-12-24 01:38:24.901 [http-nio-8080-exec-6] INFO  com.adventurequest.controller.servlet.ChangeUserPhotoServlet - Change photo data received from user: lol
[m[31m2023-12-24 01:38:24.902 [http-nio-8080-exec-6] ERROR com.adventurequest.controller.servlet.ChangeUserPhotoServlet - Exception while changing user photo
[m java.lang.IllegalStateException: org.apache.tomcat.util.http.fileupload.impl.SizeLimitExceededException: the request was rejected because its size (2689310995) exceeds the configured maximum (20971520)
	at org.apache.catalina.connector.Request.parseParts(Request.java:2825) ~[catalina.jar:10.1.15]
	at org.apache.catalina.connector.Request.getParts(Request.java:2685) ~[catalina.jar:10.1.15]
	at org.apache.catalina.connector.Request.getPart(Request.java:2848) ~[catalina.jar:10.1.15]
	at org.apache.catalina.connector.RequestFacade.getPart(RequestFacade.java:780) ~[catalina.jar:10.1.15]
	at com.adventurequest.controller.servlet.ChangeUserPhotoServlet.doPost(ChangePhotoServlet.java:42) [classes/:?]
	at jakarta.servlet.http.HttpServlet.service(HttpServlet.java:590) [servlet-api.jar:6.0]
	at jakarta.servlet.http.HttpServlet.service(HttpServlet.java:658) [servlet-api.jar:6.0]
	at org.apache.catalina.core.ApplicationFilterChain.internalDoFilter(ApplicationFilterChain.java:205) [catalina.jar:10.1.15]
	at org.apache.catalina.core.ApplicationFilterChain.doFilter(ApplicationFilterChain.java:149) [catalina.jar:10.1.15]
	at org.apache.tomcat.websocket.server.WsFilter.doFilter(WsFilter.java:51) [tomcat-websocket.jar:10.1.15]
	at org.apache.catalina.core.ApplicationFilterChain.internalDoFilter(ApplicationFilterChain.java:174) [catalina.jar:10.1.15]
	at org.apache.catalina.core.ApplicationFilterChain.doFilter(ApplicationFilterChain.java:149) [catalina.jar:10.1.15]
	at com.adventurequest.controller.filter.AuthorizationFilter.doFilter(AuthorizationFilter.java:39) [classes/:?]
	at org.apache.catalina.core.ApplicationFilterChain.internalDoFilter(ApplicationFilterChain.java:174) [catalina.jar:10.1.15]
	at org.apache.catalina.core.ApplicationFilterChain.doFilter(ApplicationFilterChain.java:149) [catalina.jar:10.1.15]
	at org.apache.catalina.core.StandardWrapperValve.invoke(StandardWrapperValve.java:167) [catalina.jar:10.1.15]
	at org.apache.catalina.core.StandardContextValve.invoke(StandardContextValve.java:90) [catalina.jar:10.1.15]
	at org.apache.catalina.authenticator.AuthenticatorBase.invoke(AuthenticatorBase.java:482) [catalina.jar:10.1.15]
	at org.apache.catalina.core.StandardHostValve.invoke(StandardHostValve.java:115) [catalina.jar:10.1.15]
	at org.apache.catalina.valves.ErrorReportValve.invoke(ErrorReportValve.java:93) [catalina.jar:10.1.15]
	at org.apache.catalina.valves.AbstractAccessLogValve.invoke(AbstractAccessLogValve.java:673) [catalina.jar:10.1.15]
	at org.apache.catalina.core.StandardEngineValve.invoke(StandardEngineValve.java:74) [catalina.jar:10.1.15]
	at org.apache.catalina.connector.CoyoteAdapter.service(CoyoteAdapter.java:340) [catalina.jar:10.1.15]
	at org.apache.coyote.http11.Http11Processor.service(Http11Processor.java:391) [tomcat-coyote.jar:10.1.15]
	at org.apache.coyote.AbstractProcessorLight.process(AbstractProcessorLight.java:63) [tomcat-coyote.jar:10.1.15]
	at org.apache.coyote.AbstractProtocol$ConnectionHandler.process(AbstractProtocol.java:896) [tomcat-coyote.jar:10.1.15]
	at org.apache.tomcat.util.net.NioEndpoint$SocketProcessor.doRun(NioEndpoint.java:1744) [tomcat-coyote.jar:10.1.15]
	at org.apache.tomcat.util.net.SocketProcessorBase.run(SocketProcessorBase.java:52) [tomcat-coyote.jar:10.1.15]
	at org.apache.tomcat.util.threads.ThreadPoolExecutor.runWorker(ThreadPoolExecutor.java:1191) [tomcat-util.jar:10.1.15]
	at org.apache.tomcat.util.threads.ThreadPoolExecutor$Worker.run(ThreadPoolExecutor.java:659) [tomcat-util.jar:10.1.15]
	at org.apache.tomcat.util.threads.TaskThread$WrappingRunnable.run(TaskThread.java:61) [tomcat-util.jar:10.1.15]
	at java.base/java.lang.Thread.run(Thread.java:1589) [?:?]
Caused by: org.apache.tomcat.util.http.fileupload.impl.SizeLimitExceededException: the request was rejected because its size (2689310995) exceeds the configured maximum (20971520)
	at org.apache.tomcat.util.http.fileupload.impl.FileItemIteratorImpl.init(FileItemIteratorImpl.java:161) ~[tomcat-coyote.jar:10.1.15]
	at org.apache.tomcat.util.http.fileupload.impl.FileItemIteratorImpl.getMultiPartStream(FileItemIteratorImpl.java:205) ~[tomcat-coyote.jar:10.1.15]
	at org.apache.tomcat.util.http.fileupload.impl.FileItemIteratorImpl.findNextItem(FileItemIteratorImpl.java:224) ~[tomcat-coyote.jar:10.1.15]
	at org.apache.tomcat.util.http.fileupload.impl.FileItemIteratorImpl.<init>(FileItemIteratorImpl.java:142) ~[tomcat-coyote.jar:10.1.15]
	at org.apache.tomcat.util.http.fileupload.FileUploadBase.getItemIterator(FileUploadBase.java:252) ~[tomcat-coyote.jar:10.1.15]
	at org.apache.tomcat.util.http.fileupload.FileUploadBase.parseRequest(FileUploadBase.java:276) ~[tomcat-coyote.jar:10.1.15]
	at org.apache.catalina.connector.Request.parseParts(Request.java:2784) ~[catalina.jar:10.1.15]
	... 31 more
[32m2023-12-24 01:38:25.914 [http-nio-8080-exec-7] INFO  com.adventurequest.controller.servlet.ChangeUserPhotoServlet - Change photo data received from user: lol
[m[31m2023-12-24 01:38:25.915 [http-nio-8080-exec-7] ERROR com.adventurequest.controller.servlet.ChangeUserPhotoServlet - Exception while changing user photo
[m java.lang.IllegalStateException: org.apache.tomcat.util.http.fileupload.impl.SizeLimitExceededException: the request was rejected because its size (2689310995) exceeds the configured maximum (20971520)
	at org.apache.catalina.connector.Request.parseParts(Request.java:2825) ~[catalina.jar:10.1.15]
	at org.apache.catalina.connector.Request.getParts(Request.java:2685) ~[catalina.jar:10.1.15]
	at org.apache.catalina.connector.Request.getPart(Request.java:2848) ~[catalina.jar:10.1.15]
	at org.apache.catalina.connector.RequestFacade.getPart(RequestFacade.java:780) ~[catalina.jar:10.1.15]
	at com.adventurequest.controller.servlet.ChangeUserPhotoServlet.doPost(ChangePhotoServlet.java:42) [classes/:?]
	at jakarta.servlet.http.HttpServlet.service(HttpServlet.java:590) [servlet-api.jar:6.0]
	at jakarta.servlet.http.HttpServlet.service(HttpServlet.java:658) [servlet-api.jar:6.0]
	at org.apache.catalina.core.ApplicationFilterChain.internalDoFilter(ApplicationFilterChain.java:205) [catalina.jar:10.1.15]
	at org.apache.catalina.core.ApplicationFilterChain.doFilter(ApplicationFilterChain.java:149) [catalina.jar:10.1.15]
	at org.apache.tomcat.websocket.server.WsFilter.doFilter(WsFilter.java:51) [tomcat-websocket.jar:10.1.15]
	at org.apache.catalina.core.ApplicationFilterChain.internalDoFilter(ApplicationFilterChain.java:174) [catalina.jar:10.1.15]
	at org.apache.catalina.core.ApplicationFilterChain.doFilter(ApplicationFilterChain.java:149) [catalina.jar:10.1.15]
	at com.adventurequest.controller.filter.AuthorizationFilter.doFilter(AuthorizationFilter.java:39) [classes/:?]
	at org.apache.catalina.core.ApplicationFilterChain.internalDoFilter(ApplicationFilterChain.java:174) [catalina.jar:10.1.15]
	at org.apache.catalina.core.ApplicationFilterChain.doFilter(ApplicationFilterChain.java:149) [catalina.jar:10.1.15]
	at org.apache.catalina.core.StandardWrapperValve.invoke(StandardWrapperValve.java:167) [catalina.jar:10.1.15]
	at org.apache.catalina.core.StandardContextValve.invoke(StandardContextValve.java:90) [catalina.jar:10.1.15]
	at org.apache.catalina.authenticator.AuthenticatorBase.invoke(AuthenticatorBase.java:482) [catalina.jar:10.1.15]
	at org.apache.catalina.core.StandardHostValve.invoke(StandardHostValve.java:115) [catalina.jar:10.1.15]
	at org.apache.catalina.valves.ErrorReportValve.invoke(ErrorReportValve.java:93) [catalina.jar:10.1.15]
	at org.apache.catalina.valves.AbstractAccessLogValve.invoke(AbstractAccessLogValve.java:673) [catalina.jar:10.1.15]
	at org.apache.catalina.core.StandardEngineValve.invoke(StandardEngineValve.java:74) [catalina.jar:10.1.15]
	at org.apache.catalina.connector.CoyoteAdapter.service(CoyoteAdapter.java:340) [catalina.jar:10.1.15]
	at org.apache.coyote.http11.Http11Processor.service(Http11Processor.java:391) [tomcat-coyote.jar:10.1.15]
	at org.apache.coyote.AbstractProcessorLight.process(AbstractProcessorLight.java:63) [tomcat-coyote.jar:10.1.15]
	at org.apache.coyote.AbstractProtocol$ConnectionHandler.process(AbstractProtocol.java:896) [tomcat-coyote.jar:10.1.15]
	at org.apache.tomcat.util.net.NioEndpoint$SocketProcessor.doRun(NioEndpoint.java:1744) [tomcat-coyote.jar:10.1.15]
	at org.apache.tomcat.util.net.SocketProcessorBase.run(SocketProcessorBase.java:52) [tomcat-coyote.jar:10.1.15]
	at org.apache.tomcat.util.threads.ThreadPoolExecutor.runWorker(ThreadPoolExecutor.java:1191) [tomcat-util.jar:10.1.15]
	at org.apache.tomcat.util.threads.ThreadPoolExecutor$Worker.run(ThreadPoolExecutor.java:659) [tomcat-util.jar:10.1.15]
	at org.apache.tomcat.util.threads.TaskThread$WrappingRunnable.run(TaskThread.java:61) [tomcat-util.jar:10.1.15]
	at java.base/java.lang.Thread.run(Thread.java:1589) [?:?]
Caused by: org.apache.tomcat.util.http.fileupload.impl.SizeLimitExceededException: the request was rejected because its size (2689310995) exceeds the configured maximum (20971520)
	at org.apache.tomcat.util.http.fileupload.impl.FileItemIteratorImpl.init(FileItemIteratorImpl.java:161) ~[tomcat-coyote.jar:10.1.15]
	at org.apache.tomcat.util.http.fileupload.impl.FileItemIteratorImpl.getMultiPartStream(FileItemIteratorImpl.java:205) ~[tomcat-coyote.jar:10.1.15]
	at org.apache.tomcat.util.http.fileupload.impl.FileItemIteratorImpl.findNextItem(FileItemIteratorImpl.java:224) ~[tomcat-coyote.jar:10.1.15]
	at org.apache.tomcat.util.http.fileupload.impl.FileItemIteratorImpl.<init>(FileItemIteratorImpl.java:142) ~[tomcat-coyote.jar:10.1.15]
	at org.apache.tomcat.util.http.fileupload.FileUploadBase.getItemIterator(FileUploadBase.java:252) ~[tomcat-coyote.jar:10.1.15]
	at org.apache.tomcat.util.http.fileupload.FileUploadBase.parseRequest(FileUploadBase.java:276) ~[tomcat-coyote.jar:10.1.15]
	at org.apache.catalina.connector.Request.parseParts(Request.java:2784) ~[catalina.jar:10.1.15]
	... 31 more
[32m2023-12-24 01:39:14.903 [http-nio-8080-exec-8] INFO  com.adventurequest.controller.servlet.ChangeUserPhotoServlet - Change photo data received from user: maks
[m[31m2023-12-24 01:40:33.706 [http-nio-8080-exec-8] ERROR com.adventurequest.controller.servlet.ChangeUserPhotoServlet - Exception while changing user photo
[m java.lang.IllegalStateException: org.apache.tomcat.util.http.fileupload.impl.SizeLimitExceededException: the request was rejected because its size (2689310995) exceeds the configured maximum (20971520)
	at org.apache.catalina.connector.Request.parseParts(Request.java:2825) ~[catalina.jar:10.1.15]
	at org.apache.catalina.connector.Request.getParts(Request.java:2685) ~[catalina.jar:10.1.15]
	at org.apache.catalina.connector.Request.getPart(Request.java:2848) ~[catalina.jar:10.1.15]
	at org.apache.catalina.connector.RequestFacade.getPart(RequestFacade.java:780) ~[catalina.jar:10.1.15]
	at com.adventurequest.controller.servlet.ChangeUserPhotoServlet.doPost(ChangePhotoServlet.java:42) [classes/:?]
	at jakarta.servlet.http.HttpServlet.service(HttpServlet.java:590) [servlet-api.jar:6.0]
	at jakarta.servlet.http.HttpServlet.service(HttpServlet.java:658) [servlet-api.jar:6.0]
	at org.apache.catalina.core.ApplicationFilterChain.internalDoFilter(ApplicationFilterChain.java:205) [catalina.jar:10.1.15]
	at org.apache.catalina.core.ApplicationFilterChain.doFilter(ApplicationFilterChain.java:149) [catalina.jar:10.1.15]
	at org.apache.tomcat.websocket.server.WsFilter.doFilter(WsFilter.java:51) [tomcat-websocket.jar:10.1.15]
	at org.apache.catalina.core.ApplicationFilterChain.internalDoFilter(ApplicationFilterChain.java:174) [catalina.jar:10.1.15]
	at org.apache.catalina.core.ApplicationFilterChain.doFilter(ApplicationFilterChain.java:149) [catalina.jar:10.1.15]
	at com.adventurequest.controller.filter.AuthorizationFilter.doFilter(AuthorizationFilter.java:39) [classes/:?]
	at org.apache.catalina.core.ApplicationFilterChain.internalDoFilter(ApplicationFilterChain.java:174) [catalina.jar:10.1.15]
	at org.apache.catalina.core.ApplicationFilterChain.doFilter(ApplicationFilterChain.java:149) [catalina.jar:10.1.15]
	at org.apache.catalina.core.StandardWrapperValve.invoke(StandardWrapperValve.java:167) [catalina.jar:10.1.15]
	at org.apache.catalina.core.StandardContextValve.invoke(StandardContextValve.java:90) [catalina.jar:10.1.15]
	at org.apache.catalina.authenticator.AuthenticatorBase.invoke(AuthenticatorBase.java:482) [catalina.jar:10.1.15]
	at org.apache.catalina.core.StandardHostValve.invoke(StandardHostValve.java:115) [catalina.jar:10.1.15]
	at org.apache.catalina.valves.ErrorReportValve.invoke(ErrorReportValve.java:93) [catalina.jar:10.1.15]
	at org.apache.catalina.valves.AbstractAccessLogValve.invoke(AbstractAccessLogValve.java:673) [catalina.jar:10.1.15]
	at org.apache.catalina.core.StandardEngineValve.invoke(StandardEngineValve.java:74) [catalina.jar:10.1.15]
	at org.apache.catalina.connector.CoyoteAdapter.service(CoyoteAdapter.java:340) [catalina.jar:10.1.15]
	at org.apache.coyote.http11.Http11Processor.service(Http11Processor.java:391) [tomcat-coyote.jar:10.1.15]
	at org.apache.coyote.AbstractProcessorLight.process(AbstractProcessorLight.java:63) [tomcat-coyote.jar:10.1.15]
	at org.apache.coyote.AbstractProtocol$ConnectionHandler.process(AbstractProtocol.java:896) [tomcat-coyote.jar:10.1.15]
	at org.apache.tomcat.util.net.NioEndpoint$SocketProcessor.doRun(NioEndpoint.java:1744) [tomcat-coyote.jar:10.1.15]
	at org.apache.tomcat.util.net.SocketProcessorBase.run(SocketProcessorBase.java:52) [tomcat-coyote.jar:10.1.15]
	at org.apache.tomcat.util.threads.ThreadPoolExecutor.runWorker(ThreadPoolExecutor.java:1191) [tomcat-util.jar:10.1.15]
	at org.apache.tomcat.util.threads.ThreadPoolExecutor$Worker.run(ThreadPoolExecutor.java:659) [tomcat-util.jar:10.1.15]
	at org.apache.tomcat.util.threads.TaskThread$WrappingRunnable.run(TaskThread.java:61) [tomcat-util.jar:10.1.15]
	at java.base/java.lang.Thread.run(Thread.java:1589) [?:?]
Caused by: org.apache.tomcat.util.http.fileupload.impl.SizeLimitExceededException: the request was rejected because its size (2689310995) exceeds the configured maximum (20971520)
	at org.apache.tomcat.util.http.fileupload.impl.FileItemIteratorImpl.init(FileItemIteratorImpl.java:161) ~[tomcat-coyote.jar:10.1.15]
	at org.apache.tomcat.util.http.fileupload.impl.FileItemIteratorImpl.getMultiPartStream(FileItemIteratorImpl.java:205) ~[tomcat-coyote.jar:10.1.15]
	at org.apache.tomcat.util.http.fileupload.impl.FileItemIteratorImpl.findNextItem(FileItemIteratorImpl.java:224) ~[tomcat-coyote.jar:10.1.15]
	at org.apache.tomcat.util.http.fileupload.impl.FileItemIteratorImpl.<init>(FileItemIteratorImpl.java:142) ~[tomcat-coyote.jar:10.1.15]
	at org.apache.tomcat.util.http.fileupload.FileUploadBase.getItemIterator(FileUploadBase.java:252) ~[tomcat-coyote.jar:10.1.15]
	at org.apache.tomcat.util.http.fileupload.FileUploadBase.parseRequest(FileUploadBase.java:276) ~[tomcat-coyote.jar:10.1.15]
	at org.apache.catalina.connector.Request.parseParts(Request.java:2784) ~[catalina.jar:10.1.15]
	... 31 more
[32m2023-12-24 21:41:04.910 [http-nio-8080-exec-19] INFO  com.adventurequest.controller.servlet.ChangeUserPhotoServlet - Change photo data received from user: maks
[m[34m2023-12-24 21:41:04.927 [http-nio-8080-exec-19] DEBUG com.adventurequest.controller.servlet.ChangeUserPhotoServlet - Attempting to change photo for user maks
[m[32m2023-12-24 21:41:04.982 [http-nio-8080-exec-19] INFO  com.adventurequest.controller.servlet.ChangeUserPhotoServlet - Photo changed successfully for user: maks
[m[32m2023-12-27 21:30:58.060 [http-nio-8080-exec-359] INFO  com.adventurequest.controller.servlet.ChangeUserPhotoServlet - Change photo data received from user: maks
[m[34m2023-12-27 21:30:58.107 [http-nio-8080-exec-359] DEBUG com.adventurequest.controller.servlet.ChangeUserPhotoServlet - Attempting to change photo for user maks
[m[32m2023-12-27 21:30:58.282 [http-nio-8080-exec-359] INFO  com.adventurequest.controller.servlet.ChangeUserPhotoServlet - Photo changed successfully for user: maks
[m[32m2023-12-29 01:27:29.281 [http-nio-8080-exec-3] INFO  com.adventurequest.controller.servlet.ChangeUserPhotoServlet - Change photo data received from user: maks
[m[34m2023-12-29 01:27:29.322 [http-nio-8080-exec-3] DEBUG com.adventurequest.controller.servlet.ChangeUserPhotoServlet - Attempting to change photo for user maks
[m[32m2023-12-29 01:27:29.515 [http-nio-8080-exec-3] INFO  com.adventurequest.controller.servlet.ChangeUserPhotoServlet - Photo changed successfully for user: maks
[m