[34m2023-12-24 16:31:12.498 [http-nio-8080-exec-32] DEBUG com.adventurequest.controller.servlet.CreateQuestServlet - User with IP address 0:0:0:0:0:0:0:1 get add-quest page
[m[34m2023-12-24 16:31:22.490 [http-nio-8080-exec-27] DEBUG com.adventurequest.controller.servlet.CreateQuestServlet - User with IP address 0:0:0:0:0:0:0:1 get add-quest page
[m[34m2023-12-24 16:32:22.329 [http-nio-8080-exec-34] DEBUG com.adventurequest.controller.servlet.CreateQuestServlet - User with IP address 0:0:0:0:0:0:0:1 get add-quest page
[m[34m2023-12-24 16:32:34.888 [http-nio-8080-exec-29] DEBUG com.adventurequest.controller.servlet.CreateQuestServlet - User with IP address 0:0:0:0:0:0:0:1 get add-quest page
[m[34m2023-12-24 16:33:40.785 [http-nio-8080-exec-38] DEBUG com.adventurequest.controller.servlet.CreateQuestServlet - User with IP address 0:0:0:0:0:0:0:1 get add-quest page
[m[34m2023-12-24 16:35:50.020 [http-nio-8080-exec-50] DEBUG com.adventurequest.controller.servlet.CreateQuestServlet - User with IP address 0:0:0:0:0:0:0:1 get add-quest page
[m[34m2023-12-24 16:36:25.433 [http-nio-8080-exec-41] DEBUG com.adventurequest.controller.servlet.CreateQuestServlet - User with IP address 0:0:0:0:0:0:0:1 get add-quest page
[m[34m2023-12-24 17:10:12.055 [http-nio-8080-exec-80] DEBUG com.adventurequest.controller.servlet.CreateQuestServlet - User with IP address 0:0:0:0:0:0:0:1 get add-quest page
[m[34m2023-12-24 17:25:09.102 [http-nio-8080-exec-78] DEBUG com.adventurequest.controller.servlet.CreateQuestServlet - User with IP address 0:0:0:0:0:0:0:1 get add-quest page
[m[34m2023-12-24 21:40:33.584 [http-nio-8080-exec-2] DEBUG com.adventurequest.controller.servlet.CreateQuestServlet - User: maks get add-quest page
[m[34m2023-12-25 01:19:13.386 [http-nio-8080-exec-9] DEBUG com.adventurequest.controller.servlet.CreateQuestServlet - User: maks get add-quest page
[m[34m2023-12-25 01:19:30.589 [http-nio-8080-exec-8] DEBUG com.adventurequest.controller.servlet.CreateQuestServlet - User: maks get add-quest page
[m[34m2023-12-25 01:22:11.504 [http-nio-8080-exec-3] DEBUG com.adventurequest.controller.servlet.CreateQuestServlet - User: admin  get add-quest page
[m[34m2023-12-25 01:44:30.873 [http-nio-8080-exec-8] DEBUG com.adventurequest.controller.servlet.CreateQuestServlet - User: maks get add-quest page
[m[34m2023-12-25 01:44:35.971 [http-nio-8080-exec-10] DEBUG com.adventurequest.controller.servlet.CreateQuestServlet - User: maks get add-quest page
[m[34m2023-12-25 20:10:14.266 [http-nio-8080-exec-7] DEBUG com.adventurequest.controller.servlet.CreateQuestServlet - User: maks get add-quest page
[m[34m2023-12-25 20:10:24.430 [http-nio-8080-exec-10] DEBUG com.adventurequest.controller.servlet.CreateQuestServlet - User: maks get add-quest page
[m[34m2023-12-25 20:10:53.371 [http-nio-8080-exec-4] DEBUG com.adventurequest.controller.servlet.CreateQuestServlet - User: maks get add-quest page
[m[34m2023-12-25 20:10:58.367 [http-nio-8080-exec-6] DEBUG com.adventurequest.controller.servlet.CreateQuestServlet - User: maks get add-quest page
[m[34m2023-12-25 20:11:16.214 [http-nio-8080-exec-8] DEBUG com.adventurequest.controller.servlet.CreateQuestServlet - User: maks get add-quest page
[m[34m2023-12-25 20:11:27.353 [http-nio-8080-exec-2] DEBUG com.adventurequest.controller.servlet.CreateQuestServlet - User: maks get add-quest page
[m[34m2023-12-25 20:15:21.093 [http-nio-8080-exec-9] DEBUG com.adventurequest.controller.servlet.CreateQuestServlet - User: maks get add-quest page
[m[34m2023-12-25 20:15:24.153 [http-nio-8080-exec-2] DEBUG com.adventurequest.controller.servlet.CreateQuestServlet - User: maks get add-quest page
[m[34m2023-12-25 20:15:25.227 [http-nio-8080-exec-12] DEBUG com.adventurequest.controller.servlet.CreateQuestServlet - User: maks get add-quest page
[m[34m2023-12-25 20:15:37.315 [http-nio-8080-exec-15] DEBUG com.adventurequest.controller.servlet.CreateQuestServlet - User: maks get add-quest page
[m[34m2023-12-25 20:17:09.294 [http-nio-8080-exec-17] DEBUG com.adventurequest.controller.servlet.CreateQuestServlet - User: maks get add-quest page
[m[34m2023-12-25 20:17:11.652 [http-nio-8080-exec-13] DEBUG com.adventurequest.controller.servlet.CreateQuestServlet - User: maks get add-quest page
[m[34m2023-12-25 20:18:11.149 [http-nio-8080-exec-24] DEBUG com.adventurequest.controller.servlet.CreateQuestServlet - User: maks get add-quest page
[m[34m2023-12-25 20:18:13.449 [http-nio-8080-exec-15] DEBUG com.adventurequest.controller.servlet.CreateQuestServlet - User: maks get add-quest page
[m[34m2023-12-25 20:18:31.991 [http-nio-8080-exec-22] DEBUG com.adventurequest.controller.servlet.CreateQuestServlet - User: maks get add-quest page
[m[34m2023-12-25 20:19:58.275 [http-nio-8080-exec-33] DEBUG com.adventurequest.controller.servlet.CreateQuestServlet - User: maks get add-quest page
[m[34m2023-12-25 20:20:02.466 [http-nio-8080-exec-32] DEBUG com.adventurequest.controller.servlet.CreateQuestServlet - User: maks get add-quest page
[m[34m2023-12-25 20:20:46.686 [http-nio-8080-exec-27] DEBUG com.adventurequest.controller.servlet.CreateQuestServlet - User: maks get add-quest page
[m[34m2023-12-25 20:22:11.830 [http-nio-8080-exec-43] DEBUG com.adventurequest.controller.servlet.CreateQuestServlet - User: maks get add-quest page
[m[34m2023-12-25 20:26:19.520 [http-nio-8080-exec-51] DEBUG com.adventurequest.controller.servlet.CreateQuestServlet - User: maks get add-quest page
[m[34m2023-12-25 20:47:01.406 [http-nio-8080-exec-65] DEBUG com.adventurequest.controller.servlet.CreateQuestServlet - User: maks get add-quest page
[m[34m2023-12-25 20:48:30.731 [http-nio-8080-exec-64] DEBUG com.adventurequest.controller.servlet.CreateQuestServlet - User: maks get add-quest page
[m[34m2023-12-25 21:31:53.165 [http-nio-8080-exec-89] DEBUG com.adventurequest.controller.servlet.CreateQuestServlet - User: maks get add-quest page
[m[34m2023-12-25 21:32:37.147 [http-nio-8080-exec-92] DEBUG com.adventurequest.controller.servlet.CreateQuestServlet - User: maks get add-quest page
[m[34m2023-12-25 21:41:22.885 [http-nio-8080-exec-94] DEBUG com.adventurequest.controller.servlet.CreateQuestServlet - User: maks get add-quest page
[m[34m2023-12-25 21:41:43.714 [http-nio-8080-exec-93] DEBUG com.adventurequest.controller.servlet.CreateQuestServlet - User: maks get add-quest page
[m[34m2023-12-25 22:02:38.004 [http-nio-8080-exec-92] DEBUG com.adventurequest.controller.servlet.CreateQuestServlet - User: maks get add-quest page
[m[34m2023-12-25 22:27:23.300 [http-nio-8080-exec-101] DEBUG com.adventurequest.controller.servlet.CreateQuestServlet - User: maks get add-quest page
[m[34m2023-12-26 23:12:09.592 [http-nio-8080-exec-5] DEBUG com.adventurequest.controller.servlet.CreateQuestServlet - User: maks get add-quest page
[m[34m2023-12-26 23:23:29.205 [http-nio-8080-exec-9] DEBUG com.adventurequest.controller.servlet.CreateQuestServlet - User: maks get add-quest page
[m[34m2023-12-26 23:29:51.418 [http-nio-8080-exec-11] DEBUG com.adventurequest.controller.servlet.CreateQuestServlet - User: maks get add-quest page
[m[34m2023-12-26 23:29:52.756 [http-nio-8080-exec-12] DEBUG com.adventurequest.controller.servlet.CreateQuestServlet - User: maks get add-quest page
[m[34m2023-12-26 23:29:54.640 [http-nio-8080-exec-13] DEBUG com.adventurequest.controller.servlet.CreateQuestServlet - User: maks get add-quest page
[m[34m2023-12-26 23:29:56.994 [http-nio-8080-exec-15] DEBUG com.adventurequest.controller.servlet.CreateQuestServlet - User: maks get add-quest page
[m[34m2023-12-26 23:32:54.905 [http-nio-8080-exec-18] DEBUG com.adventurequest.controller.servlet.CreateQuestServlet - User: maks get add-quest page
[m[34m2023-12-26 23:33:59.355 [http-nio-8080-exec-11] DEBUG com.adventurequest.controller.servlet.CreateQuestServlet - User: maks get add-quest page
[m[34m2023-12-26 23:34:02.205 [http-nio-8080-exec-23] DEBUG com.adventurequest.controller.servlet.CreateQuestServlet - User: maks get add-quest page
[m[34m2023-12-26 23:34:25.769 [http-nio-8080-exec-15] DEBUG com.adventurequest.controller.servlet.CreateQuestServlet - User: maks get add-quest page
[m[34m2023-12-26 23:38:42.562 [http-nio-8080-exec-34] DEBUG com.adventurequest.controller.servlet.CreateQuestServlet - User: maks get add-quest page
[m[34m2023-12-26 23:45:15.890 [http-nio-8080-exec-6] DEBUG com.adventurequest.controller.servlet.CreateQuestServlet - User: maks get add-quest page
[m[34m2023-12-26 23:59:17.136 [http-nio-8080-exec-4] DEBUG com.adventurequest.controller.servlet.CreateQuestServlet - User: maks get add-quest page
[m[34m2023-12-27 00:05:56.856 [http-nio-8080-exec-5] DEBUG com.adventurequest.controller.servlet.CreateQuestServlet - User: maks get add-quest page
[m[34m2023-12-27 00:31:32.409 [http-nio-8080-exec-5] DEBUG com.adventurequest.controller.servlet.CreateQuestServlet - User: maks get add-quest page
[m[34m2023-12-27 00:31:59.078 [http-nio-8080-exec-3] DEBUG com.adventurequest.controller.servlet.CreateQuestServlet - User: maks get add-quest page
[m[34m2023-12-27 12:07:46.817 [http-nio-8080-exec-11] DEBUG com.adventurequest.controller.servlet.CreateQuestServlet - User: maks get add-quest page
[m[34m2023-12-27 12:07:50.338 [http-nio-8080-exec-12] DEBUG com.adventurequest.controller.servlet.CreateQuestServlet - User: maks get add-quest page
[m[34m2023-12-27 12:08:17.234 [http-nio-8080-exec-14] DEBUG com.adventurequest.controller.servlet.CreateQuestServlet - User: maks get add-quest page
[m[34m2023-12-27 12:11:19.443 [http-nio-8080-exec-15] DEBUG com.adventurequest.controller.servlet.CreateQuestServlet - User: maks get add-quest page
[m[34m2023-12-27 12:12:41.060 [http-nio-8080-exec-27] DEBUG com.adventurequest.controller.servlet.CreateQuestServlet - User: maks get add-quest page
[m[34m2023-12-27 12:44:23.457 [http-nio-8080-exec-26] DEBUG com.adventurequest.controller.servlet.CreateQuestServlet - User: maks get add-quest page
[m[34m2023-12-27 12:45:27.677 [http-nio-8080-exec-34] DEBUG com.adventurequest.controller.servlet.CreateQuestServlet - User: maks get add-quest page
[m[34m2023-12-27 12:46:58.672 [http-nio-8080-exec-28] DEBUG com.adventurequest.controller.servlet.CreateQuestServlet - User: maks get add-quest page
[m[34m2023-12-27 12:47:00.606 [http-nio-8080-exec-29] DEBUG com.adventurequest.controller.servlet.CreateQuestServlet - User: maks get add-quest page
[m[34m2023-12-27 12:49:39.374 [http-nio-8080-exec-44] DEBUG com.adventurequest.controller.servlet.CreateQuestServlet - User: maks get add-quest page
[m[34m2023-12-27 12:49:53.050 [http-nio-8080-exec-41] DEBUG com.adventurequest.controller.servlet.CreateQuestServlet - User: maks get add-quest page
[m[34m2023-12-27 12:51:06.204 [http-nio-8080-exec-51] DEBUG com.adventurequest.controller.servlet.CreateQuestServlet - User: maks get add-quest page
[m[34m2023-12-27 12:51:09.028 [http-nio-8080-exec-46] DEBUG com.adventurequest.controller.servlet.CreateQuestServlet - User: maks get add-quest page
[m[34m2023-12-27 12:52:39.046 [http-nio-8080-exec-62] DEBUG com.adventurequest.controller.servlet.CreateQuestServlet - User: maks get add-quest page
[m[34m2023-12-27 12:52:41.516 [http-nio-8080-exec-59] DEBUG com.adventurequest.controller.servlet.CreateQuestServlet - User: maks get add-quest page
[m[34m2023-12-27 12:58:43.836 [http-nio-8080-exec-71] DEBUG com.adventurequest.controller.servlet.CreateQuestServlet - User: maks get add-quest page
[m[34m2023-12-27 13:00:45.372 [http-nio-8080-exec-75] DEBUG com.adventurequest.controller.servlet.CreateQuestServlet - User: maks get add-quest page
[m[34m2023-12-27 13:01:48.785 [http-nio-8080-exec-80] DEBUG com.adventurequest.controller.servlet.CreateQuestServlet - User: maks get add-quest page
[m[34m2023-12-27 13:02:49.538 [http-nio-8080-exec-91] DEBUG com.adventurequest.controller.servlet.CreateQuestServlet - User: maks get add-quest page
[m[34m2023-12-27 13:03:49.566 [http-nio-8080-exec-95] DEBUG com.adventurequest.controller.servlet.CreateQuestServlet - User: maks get add-quest page
[m[34m2023-12-27 13:05:52.832 [http-nio-8080-exec-103] DEBUG com.adventurequest.controller.servlet.CreateQuestServlet - User: maks get add-quest page
[m[34m2023-12-27 13:07:02.377 [http-nio-8080-exec-111] DEBUG com.adventurequest.controller.servlet.CreateQuestServlet - User: maks get add-quest page
[m[34m2023-12-27 13:10:34.284 [http-nio-8080-exec-118] DEBUG com.adventurequest.controller.servlet.CreateQuestServlet - User: maks get add-quest page
[m[34m2023-12-27 13:11:53.023 [http-nio-8080-exec-124] DEBUG com.adventurequest.controller.servlet.CreateQuestServlet - User: maks get add-quest page
[m[34m2023-12-27 13:11:54.855 [http-nio-8080-exec-127] DEBUG com.adventurequest.controller.servlet.CreateQuestServlet - User: maks get add-quest page
[m[34m2023-12-27 13:11:55.668 [http-nio-8080-exec-128] DEBUG com.adventurequest.controller.servlet.CreateQuestServlet - User: maks get add-quest page
[m[34m2023-12-27 13:14:02.459 [http-nio-8080-exec-128] DEBUG com.adventurequest.controller.servlet.CreateQuestServlet - User: maks get add-quest page
[m[34m2023-12-27 13:14:44.771 [http-nio-8080-exec-141] DEBUG com.adventurequest.controller.servlet.CreateQuestServlet - User: maks get add-quest page
[m[34m2023-12-27 13:18:18.809 [http-nio-8080-exec-142] DEBUG com.adventurequest.controller.servlet.CreateQuestServlet - User: maks get add-quest page
[m[34m2023-12-27 13:19:01.428 [http-nio-8080-exec-148] DEBUG com.adventurequest.controller.servlet.CreateQuestServlet - User: maks get add-quest page
[m[34m2023-12-27 13:20:28.535 [http-nio-8080-exec-158] DEBUG com.adventurequest.controller.servlet.CreateQuestServlet - User: maks get add-quest page
[m[34m2023-12-27 13:22:26.653 [http-nio-8080-exec-170] DEBUG com.adventurequest.controller.servlet.CreateQuestServlet - User: maks get add-quest page
[m[34m2023-12-27 13:31:28.616 [http-nio-8080-exec-172] DEBUG com.adventurequest.controller.servlet.CreateQuestServlet - User: maks get add-quest page
[m[34m2023-12-27 13:33:07.964 [http-nio-8080-exec-180] DEBUG com.adventurequest.controller.servlet.CreateQuestServlet - User: maks get add-quest page
[m[34m2023-12-27 13:33:10.415 [http-nio-8080-exec-176] DEBUG com.adventurequest.controller.servlet.CreateQuestServlet - User: maks get add-quest page
[m[34m2023-12-27 13:33:42.168 [http-nio-8080-exec-183] DEBUG com.adventurequest.controller.servlet.CreateQuestServlet - User: maks get add-quest page
[m[34m2023-12-27 13:34:05.696 [http-nio-8080-exec-186] DEBUG com.adventurequest.controller.servlet.CreateQuestServlet - User: maks get add-quest page
[m[34m2023-12-27 13:39:08.863 [http-nio-8080-exec-186] DEBUG com.adventurequest.controller.servlet.CreateQuestServlet - User: maks get add-quest page
[m[34m2023-12-27 13:39:25.452 [http-nio-8080-exec-187] DEBUG com.adventurequest.controller.servlet.CreateQuestServlet - User: maks get add-quest page
[m[34m2023-12-27 13:40:44.157 [http-nio-8080-exec-184] DEBUG com.adventurequest.controller.servlet.CreateQuestServlet - User: maks get add-quest page
[m[34m2023-12-27 13:41:52.351 [http-nio-8080-exec-181] DEBUG com.adventurequest.controller.servlet.CreateQuestServlet - User: maks get add-quest page
[m[34m2023-12-27 14:03:20.899 [http-nio-8080-exec-184] DEBUG com.adventurequest.controller.servlet.CreateQuestServlet - User: maks get add-quest page
[m[34m2023-12-27 14:03:33.073 [http-nio-8080-exec-183] DEBUG com.adventurequest.controller.servlet.CreateQuestServlet - User: maks get add-quest page
[m[34m2023-12-27 14:06:41.641 [http-nio-8080-exec-192] DEBUG com.adventurequest.controller.servlet.CreateQuestServlet - User: maks get add-quest page
[m[34m2023-12-27 14:07:45.990 [http-nio-8080-exec-195] DEBUG com.adventurequest.controller.servlet.CreateQuestServlet - User: maks get add-quest page
[m[34m2023-12-27 14:07:49.126 [http-nio-8080-exec-196] DEBUG com.adventurequest.controller.servlet.CreateQuestServlet - User: maks get add-quest page
[m[34m2023-12-27 14:08:33.752 [http-nio-8080-exec-197] DEBUG com.adventurequest.controller.servlet.CreateQuestServlet - User: maks get add-quest page
[m[34m2023-12-27 17:10:02.546 [http-nio-8080-exec-8] DEBUG com.adventurequest.controller.servlet.CreateQuestServlet - User: maks get add-quest page
[m[34m2023-12-27 17:23:44.287 [http-nio-8080-exec-11] DEBUG com.adventurequest.controller.servlet.CreateQuestServlet - User: maks get add-quest page
[m[34m2023-12-27 17:23:55.569 [http-nio-8080-exec-22] DEBUG com.adventurequest.controller.servlet.CreateQuestServlet - User: maks get add-quest page
[m[34m2023-12-27 17:24:32.308 [http-nio-8080-exec-26] DEBUG com.adventurequest.controller.servlet.CreateQuestServlet - User: maks get add-quest page
[m[34m2023-12-27 17:24:39.156 [http-nio-8080-exec-13] DEBUG com.adventurequest.controller.servlet.CreateQuestServlet - User: maks get add-quest page
[m[34m2023-12-27 17:24:42.552 [http-nio-8080-exec-23] DEBUG com.adventurequest.controller.servlet.CreateQuestServlet - User: maks get add-quest page
[m[34m2023-12-27 17:24:48.164 [http-nio-8080-exec-28] DEBUG com.adventurequest.controller.servlet.CreateQuestServlet - User: maks get add-quest page
[m[34m2023-12-27 17:24:51.667 [http-nio-8080-exec-25] DEBUG com.adventurequest.controller.servlet.CreateQuestServlet - User: maks get add-quest page
[m[34m2023-12-27 17:24:53.447 [http-nio-8080-exec-30] DEBUG com.adventurequest.controller.servlet.CreateQuestServlet - User: maks get add-quest page
[m[34m2023-12-27 17:24:54.508 [http-nio-8080-exec-32] DEBUG com.adventurequest.controller.servlet.CreateQuestServlet - User: maks get add-quest page
[m[34m2023-12-27 17:24:58.203 [http-nio-8080-exec-27] DEBUG com.adventurequest.controller.servlet.CreateQuestServlet - User: maks get add-quest page
[m[34m2023-12-27 17:26:35.684 [http-nio-8080-exec-31] DEBUG com.adventurequest.controller.servlet.CreateQuestServlet - User: maks get add-quest page
[m[34m2023-12-27 17:26:39.519 [http-nio-8080-exec-32] DEBUG com.adventurequest.controller.servlet.CreateQuestServlet - User: maks get add-quest page
[m[34m2023-12-27 17:26:44.218 [http-nio-8080-exec-35] DEBUG com.adventurequest.controller.servlet.CreateQuestServlet - User: maks get add-quest page
[m[34m2023-12-27 17:26:46.994 [http-nio-8080-exec-27] DEBUG com.adventurequest.controller.servlet.CreateQuestServlet - User: maks get add-quest page
[m[34m2023-12-27 17:33:36.968 [http-nio-8080-exec-36] DEBUG com.adventurequest.controller.servlet.CreateQuestServlet - User: maks get add-quest page
[m[34m2023-12-27 17:33:38.344 [http-nio-8080-exec-30] DEBUG com.adventurequest.controller.servlet.CreateQuestServlet - User: maks get add-quest page
[m[34m2023-12-27 17:35:31.511 [http-nio-8080-exec-37] DEBUG com.adventurequest.controller.servlet.CreateQuestServlet - User: maks get add-quest page
[m[34m2023-12-27 17:35:38.373 [http-nio-8080-exec-35] DEBUG com.adventurequest.controller.servlet.CreateQuestServlet - User: maks get add-quest page
[m[34m2023-12-27 17:35:45.830 [http-nio-8080-exec-47] DEBUG com.adventurequest.controller.servlet.CreateQuestServlet - User: maks get add-quest page
[m[34m2023-12-27 17:35:48.953 [http-nio-8080-exec-49] DEBUG com.adventurequest.controller.servlet.CreateQuestServlet - User: maks get add-quest page
[m[34m2023-12-27 17:35:51.527 [http-nio-8080-exec-51] DEBUG com.adventurequest.controller.servlet.CreateQuestServlet - User: maks get add-quest page
[m[34m2023-12-27 17:36:11.960 [http-nio-8080-exec-44] DEBUG com.adventurequest.controller.servlet.CreateQuestServlet - User: maks get add-quest page
[m[34m2023-12-27 17:36:12.633 [http-nio-8080-exec-45] DEBUG com.adventurequest.controller.servlet.CreateQuestServlet - User: maks get add-quest page
[m[34m2023-12-27 17:36:13.090 [http-nio-8080-exec-46] DEBUG com.adventurequest.controller.servlet.CreateQuestServlet - User: maks get add-quest page
[m[34m2023-12-27 17:36:13.370 [http-nio-8080-exec-47] DEBUG com.adventurequest.controller.servlet.CreateQuestServlet - User: maks get add-quest page
[m[34m2023-12-27 17:36:14.166 [http-nio-8080-exec-48] DEBUG com.adventurequest.controller.servlet.CreateQuestServlet - User: maks get add-quest page
[m[34m2023-12-27 17:36:14.718 [http-nio-8080-exec-49] DEBUG com.adventurequest.controller.servlet.CreateQuestServlet - User: maks get add-quest page
[m[34m2023-12-27 17:37:25.107 [http-nio-8080-exec-53] DEBUG com.adventurequest.controller.servlet.CreateQuestServlet - User: maks get add-quest page
[m[34m2023-12-27 17:37:41.428 [http-nio-8080-exec-52] DEBUG com.adventurequest.controller.servlet.CreateQuestServlet - User: maks get add-quest page
[m[34m2023-12-27 17:43:10.387 [http-nio-8080-exec-51] DEBUG com.adventurequest.controller.servlet.CreateQuestServlet - User: maks get add-quest page
[m[34m2023-12-27 17:43:41.827 [http-nio-8080-exec-44] DEBUG com.adventurequest.controller.servlet.CreateQuestServlet - User: maks get add-quest page
[m[34m2023-12-27 17:43:47.572 [http-nio-8080-exec-56] DEBUG com.adventurequest.controller.servlet.CreateQuestServlet - User: maks get add-quest page
[m[34m2023-12-27 17:51:11.997 [http-nio-8080-exec-59] DEBUG com.adventurequest.controller.servlet.CreateQuestServlet - User: maks get add-quest page
[m[34m2023-12-27 17:51:14.301 [http-nio-8080-exec-60] DEBUG com.adventurequest.controller.servlet.CreateQuestServlet - User: maks get add-quest page
[m[34m2023-12-27 17:51:47.851 [http-nio-8080-exec-55] DEBUG com.adventurequest.controller.servlet.CreateQuestServlet - User: maks get add-quest page
[m[34m2023-12-27 17:53:46.014 [http-nio-8080-exec-61] DEBUG com.adventurequest.controller.servlet.CreateQuestServlet - User: maks get add-quest page
[m[34m2023-12-27 17:57:34.043 [http-nio-8080-exec-58] DEBUG com.adventurequest.controller.servlet.CreateQuestServlet - User: maks get add-quest page
[m[34m2023-12-27 17:59:18.410 [http-nio-8080-exec-66] DEBUG com.adventurequest.controller.servlet.CreateQuestServlet - User: maks get add-quest page
[m[34m2023-12-27 18:00:56.684 [http-nio-8080-exec-82] DEBUG com.adventurequest.controller.servlet.CreateQuestServlet - User: maks get add-quest page
[m[34m2023-12-27 18:01:26.003 [http-nio-8080-exec-80] DEBUG com.adventurequest.controller.servlet.CreateQuestServlet - User: maks get add-quest page
[m[34m2023-12-27 18:01:32.973 [http-nio-8080-exec-84] DEBUG com.adventurequest.controller.servlet.CreateQuestServlet - User: maks get add-quest page
[m[34m2023-12-27 18:01:40.853 [http-nio-8080-exec-73] DEBUG com.adventurequest.controller.servlet.CreateQuestServlet - User: maks get add-quest page
[m[34m2023-12-27 18:02:02.469 [http-nio-8080-exec-90] DEBUG com.adventurequest.controller.servlet.CreateQuestServlet - User: maks get add-quest page
[m[34m2023-12-27 18:10:35.918 [http-nio-8080-exec-97] DEBUG com.adventurequest.controller.servlet.CreateQuestServlet - User: maks get add-quest page
[m[34m2023-12-27 18:11:15.178 [http-nio-8080-exec-94] DEBUG com.adventurequest.controller.servlet.CreateQuestServlet - User: maks get add-quest page
[m[34m2023-12-27 18:11:19.063 [http-nio-8080-exec-95] DEBUG com.adventurequest.controller.servlet.CreateQuestServlet - User: maks get add-quest page
[m[34m2023-12-27 18:11:26.582 [http-nio-8080-exec-104] DEBUG com.adventurequest.controller.servlet.CreateQuestServlet - User: maks get add-quest page
[m[34m2023-12-27 18:14:04.336 [http-nio-8080-exec-104] DEBUG com.adventurequest.controller.servlet.CreateQuestServlet - User: maks get add-quest page
[m[34m2023-12-27 18:14:24.141 [http-nio-8080-exec-113] DEBUG com.adventurequest.controller.servlet.CreateQuestServlet - User: maks get add-quest page
[m[34m2023-12-27 18:14:51.871 [http-nio-8080-exec-104] DEBUG com.adventurequest.controller.servlet.CreateQuestServlet - User: maks get add-quest page
[m[34m2023-12-27 18:19:48.448 [http-nio-8080-exec-123] DEBUG com.adventurequest.controller.servlet.CreateQuestServlet - User: maks get add-quest page
[m[34m2023-12-27 18:39:55.282 [http-nio-8080-exec-186] DEBUG com.adventurequest.controller.servlet.CreateQuestServlet - User: maks get add-quest page
[m[34m2023-12-27 18:49:41.451 [http-nio-8080-exec-184] DEBUG com.adventurequest.controller.servlet.CreateQuestServlet - User: maks get add-quest page
[m[34m2023-12-27 18:49:49.152 [http-nio-8080-exec-191] DEBUG com.adventurequest.controller.servlet.CreateQuestServlet - User: maks get add-quest page
[m[34m2023-12-27 19:00:12.894 [http-nio-8080-exec-184] DEBUG com.adventurequest.controller.servlet.CreateQuestServlet - User: maks get add-quest page
[m[34m2023-12-27 19:19:21.533 [http-nio-8080-exec-201] DEBUG com.adventurequest.controller.servlet.CreateQuestServlet - User: maks get add-quest page
[m[34m2023-12-27 19:19:52.072 [http-nio-8080-exec-218] DEBUG com.adventurequest.controller.servlet.CreateQuestServlet - User: maks get add-quest page
[m[34m2023-12-27 19:22:55.736 [http-nio-8080-exec-215] DEBUG com.adventurequest.controller.servlet.CreateQuestServlet - User: maks get add-quest page
[m[34m2023-12-27 19:46:18.246 [http-nio-8080-exec-300] DEBUG com.adventurequest.controller.servlet.CreateQuestServlet - User: maks get add-quest page
[m[34m2023-12-27 20:13:02.046 [http-nio-8080-exec-305] DEBUG com.adventurequest.controller.servlet.CreateQuestServlet - User: maks get add-quest page
[m[34m2023-12-27 20:13:15.070 [http-nio-8080-exec-308] DEBUG com.adventurequest.controller.servlet.CreateQuestServlet - User: maks get add-quest page
[m[34m2023-12-27 20:15:39.373 [http-nio-8080-exec-312] DEBUG com.adventurequest.controller.servlet.CreateQuestServlet - User: maks get add-quest page
[m[34m2023-12-27 20:15:55.457 [http-nio-8080-exec-321] DEBUG com.adventurequest.controller.servlet.CreateQuestServlet - User: maks get add-quest page
[m[34m2023-12-27 20:16:51.348 [http-nio-8080-exec-329] DEBUG com.adventurequest.controller.servlet.CreateQuestServlet - User: maks get add-quest page
[m[34m2023-12-27 20:16:57.029 [http-nio-8080-exec-327] DEBUG com.adventurequest.controller.servlet.CreateQuestServlet - User: maks get add-quest page
[m[34m2023-12-27 20:19:38.328 [http-nio-8080-exec-332] DEBUG com.adventurequest.controller.servlet.CreateQuestServlet - User: maks get add-quest page
[m[34m2023-12-27 20:19:40.958 [http-nio-8080-exec-333] DEBUG com.adventurequest.controller.servlet.CreateQuestServlet - User: maks get add-quest page
[m[34m2023-12-27 20:19:42.731 [http-nio-8080-exec-334] DEBUG com.adventurequest.controller.servlet.CreateQuestServlet - User: maks get add-quest page
[m[34m2023-12-27 20:19:46.347 [http-nio-8080-exec-336] DEBUG com.adventurequest.controller.servlet.CreateQuestServlet - User: maks get add-quest page
[m[34m2023-12-27 20:20:31.162 [http-nio-8080-exec-339] DEBUG com.adventurequest.controller.servlet.CreateQuestServlet - User: maks get add-quest page
[m[34m2023-12-27 20:20:34.207 [http-nio-8080-exec-335] DEBUG com.adventurequest.controller.servlet.CreateQuestServlet - User: maks get add-quest page
[m[34m2023-12-27 20:21:18.658 [http-nio-8080-exec-340] DEBUG com.adventurequest.controller.servlet.CreateQuestServlet - User: maks get add-quest page
[m[34m2023-12-27 20:21:31.727 [http-nio-8080-exec-343] DEBUG com.adventurequest.controller.servlet.CreateQuestServlet - User: maks get add-quest page
[m[34m2023-12-27 20:24:09.505 [http-nio-8080-exec-349] DEBUG com.adventurequest.controller.servlet.CreateQuestServlet - User: maks get add-quest page
[m[34m2023-12-27 20:24:40.792 [http-nio-8080-exec-352] DEBUG com.adventurequest.controller.servlet.CreateQuestServlet - User: maks get add-quest page
[m[34m2023-12-27 21:31:10.293 [http-nio-8080-exec-368] DEBUG com.adventurequest.controller.servlet.CreateQuestServlet - User: maks get add-quest page
[m[34m2023-12-27 21:46:00.450 [http-nio-8080-exec-371] DEBUG com.adventurequest.controller.servlet.CreateQuestServlet - User: maks get add-quest page
[m[34m2023-12-27 21:46:20.487 [http-nio-8080-exec-370] DEBUG com.adventurequest.controller.servlet.CreateQuestServlet - User: maks get add-quest page
[m[34m2023-12-27 21:46:23.939 [http-nio-8080-exec-373] DEBUG com.adventurequest.controller.servlet.CreateQuestServlet - User: maks get add-quest page
[m[34m2023-12-27 21:48:00.140 [http-nio-8080-exec-387] DEBUG com.adventurequest.controller.servlet.CreateQuestServlet - User: maks get add-quest page
[m[34m2023-12-27 21:49:31.767 [http-nio-8080-exec-391] DEBUG com.adventurequest.controller.servlet.CreateQuestServlet - User: maks get add-quest page
[m[34m2023-12-27 21:50:28.162 [http-nio-8080-exec-394] DEBUG com.adventurequest.controller.servlet.CreateQuestServlet - User: maks get add-quest page
[m[34m2023-12-27 21:51:32.667 [http-nio-8080-exec-401] DEBUG com.adventurequest.controller.servlet.CreateQuestServlet - User: maks get add-quest page
[m[34m2023-12-27 21:52:51.677 [http-nio-8080-exec-406] DEBUG com.adventurequest.controller.servlet.CreateQuestServlet - User: maks get add-quest page
[m[34m2023-12-27 21:53:38.645 [http-nio-8080-exec-415] DEBUG com.adventurequest.controller.servlet.CreateQuestServlet - User: maks get add-quest page
[m[34m2023-12-27 22:03:14.568 [http-nio-8080-exec-424] DEBUG com.adventurequest.controller.servlet.CreateQuestServlet - User: maks get add-quest page
[m[34m2023-12-27 22:03:18.877 [http-nio-8080-exec-423] DEBUG com.adventurequest.controller.servlet.CreateQuestServlet - User: maks get add-quest page
[m[34m2023-12-27 22:03:54.470 [http-nio-8080-exec-427] DEBUG com.adventurequest.controller.servlet.CreateQuestServlet - User: maks get add-quest page
[m[34m2023-12-27 22:05:28.653 [http-nio-8080-exec-443] DEBUG com.adventurequest.controller.servlet.CreateQuestServlet - User: maks get add-quest page
[m[34m2023-12-27 22:05:32.525 [http-nio-8080-exec-437] DEBUG com.adventurequest.controller.servlet.CreateQuestServlet - User: maks get add-quest page
[m[34m2023-12-27 22:05:33.011 [http-nio-8080-exec-441] DEBUG com.adventurequest.controller.servlet.CreateQuestServlet - User: maks get add-quest page
[m[34m2023-12-28 00:54:17.649 [http-nio-8080-exec-455] DEBUG com.adventurequest.controller.servlet.CreateQuestServlet - User: maks get add-quest page
[m[34m2023-12-28 00:54:50.286 [http-nio-8080-exec-454] DEBUG com.adventurequest.controller.servlet.CreateQuestServlet - User: maks get add-quest page
[m[34m2023-12-28 00:55:31.125 [http-nio-8080-exec-457] DEBUG com.adventurequest.controller.servlet.CreateQuestServlet - User: maks get add-quest page
[m[34m2023-12-28 00:56:03.457 [http-nio-8080-exec-462] DEBUG com.adventurequest.controller.servlet.CreateQuestServlet - User: maks get add-quest page
[m[34m2023-12-28 00:57:13.789 [http-nio-8080-exec-470] DEBUG com.adventurequest.controller.servlet.CreateQuestServlet - User: maks get add-quest page
[m[34m2023-12-28 00:58:27.912 [http-nio-8080-exec-460] DEBUG com.adventurequest.controller.servlet.CreateQuestServlet - User: maks get add-quest page
[m[34m2023-12-28 01:00:45.535 [http-nio-8080-exec-479] DEBUG com.adventurequest.controller.servlet.CreateQuestServlet - User: maks get add-quest page
[m[34m2023-12-28 01:01:13.307 [http-nio-8080-exec-487] DEBUG com.adventurequest.controller.servlet.CreateQuestServlet - User: maks get add-quest page
[m[34m2023-12-28 01:11:14.876 [http-nio-8080-exec-491] DEBUG com.adventurequest.controller.servlet.CreateQuestServlet - User: maks get add-quest page
[m[34m2023-12-28 01:24:53.589 [http-nio-8080-exec-489] DEBUG com.adventurequest.controller.servlet.CreateQuestServlet - User: maks get add-quest page
[m[34m2023-12-28 01:26:30.295 [http-nio-8080-exec-499] DEBUG com.adventurequest.controller.servlet.CreateQuestServlet - User: maks get add-quest page
[m[34m2023-12-28 01:26:41.156 [http-nio-8080-exec-505] DEBUG com.adventurequest.controller.servlet.CreateQuestServlet - User: maks get add-quest page
[m[34m2023-12-28 01:27:10.200 [http-nio-8080-exec-510] DEBUG com.adventurequest.controller.servlet.CreateQuestServlet - User: maks get add-quest page
[m[34m2023-12-28 01:29:39.020 [http-nio-8080-exec-1] DEBUG com.adventurequest.controller.servlet.CreateQuestServlet - User: maks get add-quest page
[m[34m2023-12-28 01:34:19.745 [http-nio-8080-exec-6] DEBUG com.adventurequest.controller.servlet.CreateQuestServlet - User: maks get add-quest page
[m[34m2023-12-28 01:34:37.303 [http-nio-8080-exec-10] DEBUG com.adventurequest.controller.servlet.CreateQuestServlet - User: maks get add-quest page
[m