[32m2023-11-29 23:06:10.519 [http-nio-8080-exec-2] INFO  com.adventurequest.controller.servlet.LogoutServlet - Logout request received from IP address: 0:0:0:0:0:0:0:1
[m[32m2023-11-29 23:06:10.519 [http-nio-8080-exec-2] INFO  com.adventurequest.controller.servlet.LogoutServlet - Logging out user: maks
[m[32m2023-11-29 23:06:10.521 [http-nio-8080-exec-2] INFO  com.adventurequest.controller.servlet.LogoutServlet - User successfully logged out
[m[34m2023-11-29 23:06:10.521 [http-nio-8080-exec-2] DEBUG com.adventurequest.controller.servlet.LogoutServlet - Forwarding user with IP address 0:0:0:0:0:0:0:1 to result of logout
[m[32m2023-11-29 23:06:13.109 [http-nio-8080-exec-3] INFO  com.adventurequest.controller.servlet.LogoutServlet - Logout request received from IP address: 0:0:0:0:0:0:0:1
[m[32m2023-11-29 23:07:16.638 [http-nio-8080-exec-2] INFO  com.adventurequest.controller.servlet.LogoutServlet - Logout request received from IP address: 0:0:0:0:0:0:0:1
[m[33m2023-11-29 23:07:16.648 [http-nio-8080-exec-2] WARN  com.adventurequest.controller.servlet.LogoutServlet - No active session found for logout request from IP address: 0:0:0:0:0:0:0:1
[m[33m2023-11-29 23:07:16.648 [http-nio-8080-exec-2] WARN  com.adventurequest.controller.servlet.LogoutServlet - User failed logged out
[m[34m2023-11-29 23:07:16.651 [http-nio-8080-exec-2] DEBUG com.adventurequest.controller.servlet.LogoutServlet - Forwarding user with IP address 0:0:0:0:0:0:0:1 to result of logout
[m[32m2023-11-29 23:07:17.433 [http-nio-8080-exec-6] INFO  com.adventurequest.controller.servlet.LogoutServlet - Logout request received from IP address: 0:0:0:0:0:0:0:1
[m[32m2023-11-29 23:07:17.433 [http-nio-8080-exec-6] INFO  com.adventurequest.controller.servlet.LogoutServlet - Logging out user from IP address: 0:0:0:0:0:0:0:1
[m[32m2023-11-29 23:07:17.433 [http-nio-8080-exec-6] INFO  com.adventurequest.controller.servlet.LogoutServlet - User successfully logged out
[m[34m2023-11-29 23:07:17.434 [http-nio-8080-exec-6] DEBUG com.adventurequest.controller.servlet.LogoutServlet - Forwarding user with IP address 0:0:0:0:0:0:0:1 to result of logout
[m[32m2023-11-29 23:07:18.457 [http-nio-8080-exec-10] INFO  com.adventurequest.controller.servlet.LogoutServlet - Logout request received from IP address: 0:0:0:0:0:0:0:1
[m[32m2023-11-29 23:07:18.458 [http-nio-8080-exec-10] INFO  com.adventurequest.controller.servlet.LogoutServlet - Logging out user from IP address: 0:0:0:0:0:0:0:1
[m[32m2023-11-29 23:07:18.458 [http-nio-8080-exec-10] INFO  com.adventurequest.controller.servlet.LogoutServlet - User successfully logged out
[m[34m2023-11-29 23:07:18.458 [http-nio-8080-exec-10] DEBUG com.adventurequest.controller.servlet.LogoutServlet - Forwarding user with IP address 0:0:0:0:0:0:0:1 to result of logout
[m[32m2023-11-29 23:07:18.725 [http-nio-8080-exec-8] INFO  com.adventurequest.controller.servlet.LogoutServlet - Logout request received from IP address: 0:0:0:0:0:0:0:1
[m[32m2023-11-29 23:07:18.725 [http-nio-8080-exec-8] INFO  com.adventurequest.controller.servlet.LogoutServlet - Logging out user from IP address: 0:0:0:0:0:0:0:1
[m[32m2023-11-29 23:07:18.725 [http-nio-8080-exec-8] INFO  com.adventurequest.controller.servlet.LogoutServlet - User successfully logged out
[m[34m2023-11-29 23:07:18.726 [http-nio-8080-exec-8] DEBUG com.adventurequest.controller.servlet.LogoutServlet - Forwarding user with IP address 0:0:0:0:0:0:0:1 to result of logout
[m[32m2023-11-29 23:07:18.938 [http-nio-8080-exec-1] INFO  com.adventurequest.controller.servlet.LogoutServlet - Logout request received from IP address: 0:0:0:0:0:0:0:1
[m[32m2023-11-29 23:07:18.938 [http-nio-8080-exec-1] INFO  com.adventurequest.controller.servlet.LogoutServlet - Logging out user from IP address: 0:0:0:0:0:0:0:1
[m[32m2023-11-29 23:07:18.938 [http-nio-8080-exec-1] INFO  com.adventurequest.controller.servlet.LogoutServlet - User successfully logged out
[m[34m2023-11-29 23:07:18.938 [http-nio-8080-exec-1] DEBUG com.adventurequest.controller.servlet.LogoutServlet - Forwarding user with IP address 0:0:0:0:0:0:0:1 to result of logout
[m[32m2023-11-29 23:07:19.112 [http-nio-8080-exec-4] INFO  com.adventurequest.controller.servlet.LogoutServlet - Logout request received from IP address: 0:0:0:0:0:0:0:1
[m[32m2023-11-29 23:07:19.112 [http-nio-8080-exec-4] INFO  com.adventurequest.controller.servlet.LogoutServlet - Logging out user from IP address: 0:0:0:0:0:0:0:1
[m[32m2023-11-29 23:07:19.112 [http-nio-8080-exec-4] INFO  com.adventurequest.controller.servlet.LogoutServlet - User successfully logged out
[m[34m2023-11-29 23:07:19.112 [http-nio-8080-exec-4] DEBUG com.adventurequest.controller.servlet.LogoutServlet - Forwarding user with IP address 0:0:0:0:0:0:0:1 to result of logout
[m[32m2023-11-29 23:07:19.265 [http-nio-8080-exec-3] INFO  com.adventurequest.controller.servlet.LogoutServlet - Logout request received from IP address: 0:0:0:0:0:0:0:1
[m[32m2023-11-29 23:07:19.265 [http-nio-8080-exec-3] INFO  com.adventurequest.controller.servlet.LogoutServlet - Logging out user from IP address: 0:0:0:0:0:0:0:1
[m[32m2023-11-29 23:07:19.266 [http-nio-8080-exec-3] INFO  com.adventurequest.controller.servlet.LogoutServlet - User successfully logged out
[m[34m2023-11-29 23:07:19.266 [http-nio-8080-exec-3] DEBUG com.adventurequest.controller.servlet.LogoutServlet - Forwarding user with IP address 0:0:0:0:0:0:0:1 to result of logout
[m[32m2023-11-29 23:07:19.422 [http-nio-8080-exec-9] INFO  com.adventurequest.controller.servlet.LogoutServlet - Logout request received from IP address: 0:0:0:0:0:0:0:1
[m[32m2023-11-29 23:07:19.422 [http-nio-8080-exec-9] INFO  com.adventurequest.controller.servlet.LogoutServlet - Logging out user from IP address: 0:0:0:0:0:0:0:1
[m[32m2023-11-29 23:07:19.422 [http-nio-8080-exec-9] INFO  com.adventurequest.controller.servlet.LogoutServlet - User successfully logged out
[m[34m2023-11-29 23:07:19.423 [http-nio-8080-exec-9] DEBUG com.adventurequest.controller.servlet.LogoutServlet - Forwarding user with IP address 0:0:0:0:0:0:0:1 to result of logout
[m[32m2023-11-29 23:07:19.590 [http-nio-8080-exec-7] INFO  com.adventurequest.controller.servlet.LogoutServlet - Logout request received from IP address: 0:0:0:0:0:0:0:1
[m[32m2023-11-29 23:07:19.590 [http-nio-8080-exec-7] INFO  com.adventurequest.controller.servlet.LogoutServlet - Logging out user from IP address: 0:0:0:0:0:0:0:1
[m[32m2023-11-29 23:07:19.590 [http-nio-8080-exec-7] INFO  com.adventurequest.controller.servlet.LogoutServlet - User successfully logged out
[m[34m2023-11-29 23:07:19.591 [http-nio-8080-exec-7] DEBUG com.adventurequest.controller.servlet.LogoutServlet - Forwarding user with IP address 0:0:0:0:0:0:0:1 to result of logout
[m[32m2023-11-29 23:07:23.413 [http-nio-8080-exec-5] INFO  com.adventurequest.controller.servlet.LogoutServlet - Logout request received from IP address: 0:0:0:0:0:0:0:1
[m[32m2023-11-29 23:07:23.413 [http-nio-8080-exec-5] INFO  com.adventurequest.controller.servlet.LogoutServlet - Logging out user from IP address: 0:0:0:0:0:0:0:1
[m[32m2023-11-29 23:07:23.413 [http-nio-8080-exec-5] INFO  com.adventurequest.controller.servlet.LogoutServlet - User successfully logged out
[m[34m2023-11-29 23:07:23.413 [http-nio-8080-exec-5] DEBUG com.adventurequest.controller.servlet.LogoutServlet - Forwarding user with IP address 0:0:0:0:0:0:0:1 to result of logout
[m[32m2023-11-29 23:07:51.072 [http-nio-8080-exec-9] INFO  com.adventurequest.controller.servlet.LogoutServlet - Logout request received from IP address: 0:0:0:0:0:0:0:1
[m[32m2023-11-29 23:07:51.072 [http-nio-8080-exec-9] INFO  com.adventurequest.controller.servlet.LogoutServlet - Logging out user from IP address: 0:0:0:0:0:0:0:1
[m[32m2023-11-29 23:07:51.073 [http-nio-8080-exec-9] INFO  com.adventurequest.controller.servlet.LogoutServlet - User successfully logged out
[m[34m2023-11-29 23:07:51.073 [http-nio-8080-exec-9] DEBUG com.adventurequest.controller.servlet.LogoutServlet - Forwarding user with IP address 0:0:0:0:0:0:0:1 to result of logout
[m[32m2023-11-29 23:09:57.125 [http-nio-8080-exec-11] INFO  com.adventurequest.controller.servlet.LogoutServlet - Logout request received from IP address: 0:0:0:0:0:0:0:1
[m[33m2023-11-29 23:09:57.136 [http-nio-8080-exec-11] WARN  com.adventurequest.controller.servlet.LogoutServlet - No active session found for logout request from IP address: 0:0:0:0:0:0:0:1
[m[33m2023-11-29 23:09:57.137 [http-nio-8080-exec-11] WARN  com.adventurequest.controller.servlet.LogoutServlet - User failed logged out
[m[34m2023-11-29 23:09:57.139 [http-nio-8080-exec-11] DEBUG com.adventurequest.controller.servlet.LogoutServlet - Forwarding user with IP address 0:0:0:0:0:0:0:1 to result of logout
[m[32m2023-11-29 23:10:29.027 [http-nio-8080-exec-18] INFO  com.adventurequest.controller.servlet.LogoutServlet - Logout request received from IP address: 0:0:0:0:0:0:0:1
[m[32m2023-11-29 23:10:29.027 [http-nio-8080-exec-18] INFO  com.adventurequest.controller.servlet.LogoutServlet - Logging out user from IP address: 0:0:0:0:0:0:0:1
[m[32m2023-11-29 23:10:29.027 [http-nio-8080-exec-18] INFO  com.adventurequest.controller.servlet.LogoutServlet - User successfully logged out
[m[34m2023-11-29 23:10:29.027 [http-nio-8080-exec-18] DEBUG com.adventurequest.controller.servlet.LogoutServlet - Forwarding user with IP address 0:0:0:0:0:0:0:1 to result of logout
[m[32m2023-11-29 23:10:40.342 [http-nio-8080-exec-25] INFO  com.adventurequest.controller.servlet.LogoutServlet - Logout request received from IP address: 0:0:0:0:0:0:0:1
[m[32m2023-11-29 23:10:40.342 [http-nio-8080-exec-25] INFO  com.adventurequest.controller.servlet.LogoutServlet - Logging out user from IP address: 0:0:0:0:0:0:0:1
[m[32m2023-11-29 23:10:40.342 [http-nio-8080-exec-25] INFO  com.adventurequest.controller.servlet.LogoutServlet - User successfully logged out
[m[34m2023-11-29 23:10:40.343 [http-nio-8080-exec-25] DEBUG com.adventurequest.controller.servlet.LogoutServlet - Forwarding user with IP address 0:0:0:0:0:0:0:1 to result of logout
[m[32m2023-11-29 23:10:58.348 [http-nio-8080-exec-26] INFO  com.adventurequest.controller.servlet.LogoutServlet - Logout request received from IP address: 0:0:0:0:0:0:0:1
[m[33m2023-11-29 23:10:58.360 [http-nio-8080-exec-26] WARN  com.adventurequest.controller.servlet.LogoutServlet - No active session found for logout request from IP address: 0:0:0:0:0:0:0:1
[m[33m2023-11-29 23:10:58.361 [http-nio-8080-exec-26] WARN  com.adventurequest.controller.servlet.LogoutServlet - User failed logged out
[m[34m2023-11-29 23:10:58.363 [http-nio-8080-exec-26] DEBUG com.adventurequest.controller.servlet.LogoutServlet - Forwarding user with IP address 0:0:0:0:0:0:0:1 to result of logout
[m[32m2023-11-29 23:14:02.931 [http-nio-8080-exec-31] INFO  com.adventurequest.controller.servlet.LogoutServlet - Logout request received from IP address: 0:0:0:0:0:0:0:1
[m[33m2023-11-29 23:14:02.942 [http-nio-8080-exec-31] WARN  com.adventurequest.controller.servlet.LogoutServlet - No active session found for logout request from IP address: 0:0:0:0:0:0:0:1
[m[33m2023-11-29 23:14:02.943 [http-nio-8080-exec-31] WARN  com.adventurequest.controller.servlet.LogoutServlet - User failed logged out
[m[34m2023-11-29 23:14:02.945 [http-nio-8080-exec-31] DEBUG com.adventurequest.controller.servlet.LogoutServlet - Forwarding user with IP address 0:0:0:0:0:0:0:1 to result of logout
[m[32m2023-11-29 23:15:27.745 [http-nio-8080-exec-39] INFO  com.adventurequest.controller.servlet.LogoutServlet - Logout request received from IP address: 0:0:0:0:0:0:0:1
[m[33m2023-11-29 23:15:27.754 [http-nio-8080-exec-39] WARN  com.adventurequest.controller.servlet.LogoutServlet - No active session found for logout request from IP address: 0:0:0:0:0:0:0:1
[m[33m2023-11-29 23:15:27.755 [http-nio-8080-exec-39] WARN  com.adventurequest.controller.servlet.LogoutServlet - User failed logged out
[m[34m2023-11-29 23:15:27.757 [http-nio-8080-exec-39] DEBUG com.adventurequest.controller.servlet.LogoutServlet - Forwarding user with IP address 0:0:0:0:0:0:0:1 to result of logout
[m[32m2023-11-29 23:21:14.023 [http-nio-8080-exec-46] INFO  com.adventurequest.controller.servlet.LogoutServlet - Logout request received from IP address: 0:0:0:0:0:0:0:1
[m[33m2023-11-29 23:21:14.034 [http-nio-8080-exec-46] WARN  com.adventurequest.controller.servlet.LogoutServlet - No active session found for logout request from IP address: 0:0:0:0:0:0:0:1
[m[33m2023-11-29 23:21:14.035 [http-nio-8080-exec-46] WARN  com.adventurequest.controller.servlet.LogoutServlet - User failed logged out
[m[34m2023-11-29 23:21:14.037 [http-nio-8080-exec-46] DEBUG com.adventurequest.controller.servlet.LogoutServlet - Forwarding user with IP address 0:0:0:0:0:0:0:1 to result of logout
[m