[32m2023-12-24 01:36:31.333 [http-nio-8080-exec-1] INFO  com.adventurequest.controller.servlet.LoginServlet - User with IP address 127.0.0.1 sent the data for login
[m[32m2023-12-24 01:36:31.377 [http-nio-8080-exec-1] INFO  com.adventurequest.controller.servlet.LoginServlet - User with IP address 127.0.0.1 sent valid data to login!
[m[34m2023-12-24 01:36:31.378 [http-nio-8080-exec-1] DEBUG com.adventurequest.controller.servlet.LoginServlet - Forwarding user with IP address 127.0.0.1 to registration-result.jsp
[m[34m2023-12-24 01:38:55.000 [http-nio-8080-exec-4] DEBUG com.adventurequest.controller.servlet.LoginServlet - User with IP address 0:0:0:0:0:0:0:1 get login page
[m[32m2023-12-24 01:38:59.377 [http-nio-8080-exec-5] INFO  com.adventurequest.controller.servlet.LoginServlet - User with IP address 0:0:0:0:0:0:0:1 sent the data for login
[m[32m2023-12-24 01:38:59.671 [http-nio-8080-exec-5] INFO  com.adventurequest.controller.servlet.LoginServlet - User with IP address 0:0:0:0:0:0:0:1 sent valid data to login!
[m[34m2023-12-24 01:38:59.672 [http-nio-8080-exec-5] DEBUG com.adventurequest.controller.servlet.LoginServlet - Forwarding user with IP address 0:0:0:0:0:0:0:1 to registration-result.jsp
[m[34m2023-12-24 16:17:44.582 [http-nio-8080-exec-1] DEBUG com.adventurequest.controller.servlet.LoginServlet - User with IP address 0:0:0:0:0:0:0:1 get login page
[m[32m2023-12-24 16:17:48.497 [http-nio-8080-exec-6] INFO  com.adventurequest.controller.servlet.LoginServlet - User with IP address 0:0:0:0:0:0:0:1 sent the data for login
[m[32m2023-12-24 16:17:48.833 [http-nio-8080-exec-6] INFO  com.adventurequest.controller.servlet.LoginServlet - User with IP address 0:0:0:0:0:0:0:1 sent valid data to login!
[m[34m2023-12-24 16:17:48.833 [http-nio-8080-exec-6] DEBUG com.adventurequest.controller.servlet.LoginServlet - Forwarding user with IP address 0:0:0:0:0:0:0:1 to registration-result.jsp
[m[34m2023-12-24 16:20:17.629 [http-nio-8080-exec-14] DEBUG com.adventurequest.controller.servlet.LoginServlet - User with IP address 0:0:0:0:0:0:0:1 get login page
[m[32m2023-12-24 16:20:21.448 [http-nio-8080-exec-2] INFO  com.adventurequest.controller.servlet.LoginServlet - User with IP address 0:0:0:0:0:0:0:1 sent the data for login
[m[32m2023-12-24 16:20:21.665 [http-nio-8080-exec-2] INFO  com.adventurequest.controller.servlet.LoginServlet - User with IP address 0:0:0:0:0:0:0:1 sent valid data to login!
[m[34m2023-12-24 16:20:21.665 [http-nio-8080-exec-2] DEBUG com.adventurequest.controller.servlet.LoginServlet - Forwarding user with IP address 0:0:0:0:0:0:0:1 to registration-result.jsp
[m[34m2023-12-24 16:30:41.869 [http-nio-8080-exec-19] DEBUG com.adventurequest.controller.servlet.LoginServlet - User with IP address 0:0:0:0:0:0:0:1 get login page
[m[34m2023-12-24 16:30:50.351 [http-nio-8080-exec-27] DEBUG com.adventurequest.controller.servlet.LoginServlet - User with IP address 0:0:0:0:0:0:0:1 get login page
[m[32m2023-12-24 16:30:54.572 [http-nio-8080-exec-26] INFO  com.adventurequest.controller.servlet.LoginServlet - User with IP address 0:0:0:0:0:0:0:1 sent the data for login
[m[32m2023-12-24 16:30:54.794 [http-nio-8080-exec-26] INFO  com.adventurequest.controller.servlet.LoginServlet - User with IP address 0:0:0:0:0:0:0:1 sent valid data to login!
[m[34m2023-12-24 16:30:54.795 [http-nio-8080-exec-26] DEBUG com.adventurequest.controller.servlet.LoginServlet - Forwarding user with IP address 0:0:0:0:0:0:0:1 to registration-result.jsp
[m[32m2023-12-24 16:32:07.399 [http-nio-8080-exec-31] INFO  com.adventurequest.controller.servlet.LoginServlet - User with IP address 0:0:0:0:0:0:0:1 sent the data for login
[m[32m2023-12-24 16:32:07.553 [http-nio-8080-exec-31] INFO  com.adventurequest.controller.servlet.LoginServlet - User with IP address 0:0:0:0:0:0:0:1 sent valid data to login!
[m[34m2023-12-24 16:32:07.553 [http-nio-8080-exec-31] DEBUG com.adventurequest.controller.servlet.LoginServlet - Forwarding user with IP address 0:0:0:0:0:0:0:1 to registration-result.jsp
[m[34m2023-12-24 16:32:56.234 [http-nio-8080-exec-33] DEBUG com.adventurequest.controller.servlet.LoginServlet - User with IP address 0:0:0:0:0:0:0:1 get login page
[m[32m2023-12-24 16:33:00.893 [http-nio-8080-exec-25] INFO  com.adventurequest.controller.servlet.LoginServlet - User with IP address 0:0:0:0:0:0:0:1 sent the data for login
[m[32m2023-12-24 16:33:01.110 [http-nio-8080-exec-25] INFO  com.adventurequest.controller.servlet.LoginServlet - User with IP address 0:0:0:0:0:0:0:1 sent valid data to login!
[m[34m2023-12-24 16:33:01.110 [http-nio-8080-exec-25] DEBUG com.adventurequest.controller.servlet.LoginServlet - Forwarding user with IP address 0:0:0:0:0:0:0:1 to registration-result.jsp
[m[34m2023-12-24 16:33:30.174 [http-nio-8080-exec-40] DEBUG com.adventurequest.controller.servlet.LoginServlet - User with IP address 0:0:0:0:0:0:0:1 get login page
[m[32m2023-12-24 16:33:33.458 [http-nio-8080-exec-27] INFO  com.adventurequest.controller.servlet.LoginServlet - User with IP address 0:0:0:0:0:0:0:1 sent the data for login
[m[32m2023-12-24 16:33:33.670 [http-nio-8080-exec-27] INFO  com.adventurequest.controller.servlet.LoginServlet - User with IP address 0:0:0:0:0:0:0:1 sent valid data to login!
[m[34m2023-12-24 16:33:33.671 [http-nio-8080-exec-27] DEBUG com.adventurequest.controller.servlet.LoginServlet - Forwarding user with IP address 0:0:0:0:0:0:0:1 to registration-result.jsp
[m[32m2023-12-24 16:35:42.170 [http-nio-8080-exec-52] INFO  com.adventurequest.controller.servlet.LoginServlet - User with IP address 0:0:0:0:0:0:0:1 sent the data for login
[m[32m2023-12-24 16:35:42.400 [http-nio-8080-exec-52] INFO  com.adventurequest.controller.servlet.LoginServlet - User with IP address 0:0:0:0:0:0:0:1 sent valid data to login!
[m[34m2023-12-24 16:35:42.400 [http-nio-8080-exec-52] DEBUG com.adventurequest.controller.servlet.LoginServlet - Forwarding user with IP address 0:0:0:0:0:0:0:1 to registration-result.jsp
[m[34m2023-12-24 16:36:18.903 [http-nio-8080-exec-55] DEBUG com.adventurequest.controller.servlet.LoginServlet - User with IP address 0:0:0:0:0:0:0:1 get login page
[m[32m2023-12-24 16:36:22.989 [http-nio-8080-exec-51] INFO  com.adventurequest.controller.servlet.LoginServlet - User with IP address 0:0:0:0:0:0:0:1 sent the data for login
[m[32m2023-12-24 16:36:23.197 [http-nio-8080-exec-51] INFO  com.adventurequest.controller.servlet.LoginServlet - User with IP address 0:0:0:0:0:0:0:1 sent valid data to login!
[m[34m2023-12-24 16:36:23.197 [http-nio-8080-exec-51] DEBUG com.adventurequest.controller.servlet.LoginServlet - Forwarding user with IP address 0:0:0:0:0:0:0:1 to registration-result.jsp
[m[34m2023-12-24 17:10:05.482 [http-nio-8080-exec-77] DEBUG com.adventurequest.controller.servlet.LoginServlet - User with IP address 0:0:0:0:0:0:0:1 get login page
[m[32m2023-12-24 17:10:09.410 [http-nio-8080-exec-78] INFO  com.adventurequest.controller.servlet.LoginServlet - User with IP address 0:0:0:0:0:0:0:1 sent the data for login
[m[32m2023-12-24 17:10:09.630 [http-nio-8080-exec-78] INFO  com.adventurequest.controller.servlet.LoginServlet - User with IP address 0:0:0:0:0:0:0:1 sent valid data to login!
[m[34m2023-12-24 17:10:09.630 [http-nio-8080-exec-78] DEBUG com.adventurequest.controller.servlet.LoginServlet - Forwarding user with IP address 0:0:0:0:0:0:0:1 to registration-result.jsp
[m[32m2023-12-24 17:25:06.467 [http-nio-8080-exec-76] INFO  com.adventurequest.controller.servlet.LoginServlet - User with IP address 0:0:0:0:0:0:0:1 sent the data for login
[m[32m2023-12-24 17:25:06.506 [http-nio-8080-exec-76] INFO  com.adventurequest.controller.servlet.LoginServlet - User with IP address 0:0:0:0:0:0:0:1 sent valid data to login!
[m[34m2023-12-24 17:25:06.506 [http-nio-8080-exec-76] DEBUG com.adventurequest.controller.servlet.LoginServlet - Forwarding user with IP address 0:0:0:0:0:0:0:1 to registration-result.jsp
[m[32m2023-12-24 21:38:38.669 [http-nio-8080-exec-9] INFO  com.adventurequest.controller.servlet.LoginServlet - User with IP address 127.0.0.1 sent the data for login
[m[32m2023-12-24 21:38:38.983 [http-nio-8080-exec-9] INFO  com.adventurequest.controller.servlet.LoginServlet - User with IP address 127.0.0.1 sent valid data to login!
[m[34m2023-12-24 21:38:38.984 [http-nio-8080-exec-9] DEBUG com.adventurequest.controller.servlet.LoginServlet - Forwarding user with IP address 127.0.0.1 to registration-result.jsp
[m[34m2023-12-24 21:38:53.630 [http-nio-8080-exec-9] DEBUG com.adventurequest.controller.servlet.LoginServlet - User: null get login page
[m[32m2023-12-24 21:40:31.427 [http-nio-8080-exec-9] INFO  com.adventurequest.controller.servlet.LoginServlet - User with IP address 0:0:0:0:0:0:0:1 sent the data for login
[m[32m2023-12-24 21:40:31.478 [http-nio-8080-exec-9] INFO  com.adventurequest.controller.servlet.LoginServlet - User with IP address 0:0:0:0:0:0:0:1 sent valid data to login!
[m[34m2023-12-24 21:40:31.479 [http-nio-8080-exec-9] DEBUG com.adventurequest.controller.servlet.LoginServlet - Forwarding user with IP address 0:0:0:0:0:0:0:1 to registration-result.jsp
[m[34m2023-12-24 21:41:19.343 [http-nio-8080-exec-19] DEBUG com.adventurequest.controller.servlet.LoginServlet - User: null get login page
[m[32m2023-12-24 21:41:26.556 [http-nio-8080-exec-14] INFO  com.adventurequest.controller.servlet.LoginServlet - User with IP address 0:0:0:0:0:0:0:1 sent the data for login
[m[33m2023-12-24 21:41:26.708 [http-nio-8080-exec-14] WARN  com.adventurequest.controller.servlet.LoginServlet - User with IP address 0:0:0:0:0:0:0:1 sent invalid data to login!
[m[34m2023-12-24 21:41:26.708 [http-nio-8080-exec-14] DEBUG com.adventurequest.controller.servlet.LoginServlet - Forwarding user with IP address 0:0:0:0:0:0:0:1 to registration-result.jsp
[m[32m2023-12-24 21:41:34.564 [http-nio-8080-exec-11] INFO  com.adventurequest.controller.servlet.LoginServlet - User with IP address 0:0:0:0:0:0:0:1 sent the data for login
[m[32m2023-12-24 21:41:34.602 [http-nio-8080-exec-11] INFO  com.adventurequest.controller.servlet.LoginServlet - User with IP address 0:0:0:0:0:0:0:1 sent valid data to login!
[m[34m2023-12-24 21:41:34.602 [http-nio-8080-exec-11] DEBUG com.adventurequest.controller.servlet.LoginServlet - Forwarding user with IP address 0:0:0:0:0:0:0:1 to registration-result.jsp
[m[32m2023-12-24 21:52:29.290 [http-nio-8080-exec-22] INFO  com.adventurequest.controller.servlet.LoginServlet - User with IP address 0:0:0:0:0:0:0:1 sent the data for login
[m[32m2023-12-24 21:52:29.340 [http-nio-8080-exec-22] INFO  com.adventurequest.controller.servlet.LoginServlet - User with IP address 0:0:0:0:0:0:0:1 sent valid data to login!
[m[34m2023-12-24 21:52:29.340 [http-nio-8080-exec-22] DEBUG com.adventurequest.controller.servlet.LoginServlet - Forwarding user with IP address 0:0:0:0:0:0:0:1 to registration-result.jsp
[m[34m2023-12-24 21:52:40.470 [http-nio-8080-exec-28] DEBUG com.adventurequest.controller.servlet.LoginServlet - User: null get login page
[m[32m2023-12-24 21:52:44.514 [http-nio-8080-exec-29] INFO  com.adventurequest.controller.servlet.LoginServlet - User with IP address 0:0:0:0:0:0:0:1 sent the data for login
[m[32m2023-12-24 21:52:44.552 [http-nio-8080-exec-29] INFO  com.adventurequest.controller.servlet.LoginServlet - User with IP address 0:0:0:0:0:0:0:1 sent valid data to login!
[m[34m2023-12-24 21:52:44.552 [http-nio-8080-exec-29] DEBUG com.adventurequest.controller.servlet.LoginServlet - Forwarding user with IP address 0:0:0:0:0:0:0:1 to registration-result.jsp
[m[34m2023-12-24 23:56:24.034 [http-nio-8080-exec-6] DEBUG com.adventurequest.controller.servlet.LoginServlet - User: null get login page
[m[32m2023-12-24 23:56:27.133 [http-nio-8080-exec-7] INFO  com.adventurequest.controller.servlet.LoginServlet - User with IP address 0:0:0:0:0:0:0:1 sent the data for login
[m[32m2023-12-24 23:56:27.419 [http-nio-8080-exec-7] INFO  com.adventurequest.controller.servlet.LoginServlet - User with IP address 0:0:0:0:0:0:0:1 sent valid data to login!
[m[34m2023-12-24 23:56:27.420 [http-nio-8080-exec-7] DEBUG com.adventurequest.controller.servlet.LoginServlet - Forwarding user with IP address 0:0:0:0:0:0:0:1 to registration-result.jsp
[m[32m2023-12-25 00:49:46.222 [http-nio-8080-exec-3] INFO  com.adventurequest.controller.servlet.LoginServlet - User with IP address 0:0:0:0:0:0:0:1 sent the data for login
[m[32m2023-12-25 00:49:46.267 [http-nio-8080-exec-3] INFO  com.adventurequest.controller.servlet.LoginServlet - User with IP address 0:0:0:0:0:0:0:1 sent valid data to login!
[m[34m2023-12-25 00:49:46.267 [http-nio-8080-exec-3] DEBUG com.adventurequest.controller.servlet.LoginServlet - Forwarding user with IP address 0:0:0:0:0:0:0:1 to registration-result.jsp
[m[34m2023-12-25 01:19:05.214 [http-nio-8080-exec-6] DEBUG com.adventurequest.controller.servlet.LoginServlet - User: null get login page
[m[32m2023-12-25 01:19:08.647 [http-nio-8080-exec-7] INFO  com.adventurequest.controller.servlet.LoginServlet - User with IP address 0:0:0:0:0:0:0:1 sent the data for login
[m[32m2023-12-25 01:19:09.058 [http-nio-8080-exec-7] INFO  com.adventurequest.controller.servlet.LoginServlet - User with IP address 0:0:0:0:0:0:0:1 sent valid data to login!
[m[34m2023-12-25 01:19:09.059 [http-nio-8080-exec-7] DEBUG com.adventurequest.controller.servlet.LoginServlet - Forwarding user with IP address 0:0:0:0:0:0:0:1 to registration-result.jsp
[m[34m2023-12-25 01:20:59.242 [http-nio-8080-exec-6] DEBUG com.adventurequest.controller.servlet.LoginServlet - User: null get login page
[m[32m2023-12-25 01:21:09.806 [http-nio-8080-exec-8] INFO  com.adventurequest.controller.servlet.LoginServlet - User with IP address 0:0:0:0:0:0:0:1 sent the data for login
[m[33m2023-12-25 01:21:09.843 [http-nio-8080-exec-8] WARN  com.adventurequest.controller.servlet.LoginServlet - User with IP address 0:0:0:0:0:0:0:1 sent invalid data to login!
[m[34m2023-12-25 01:21:09.843 [http-nio-8080-exec-8] DEBUG com.adventurequest.controller.servlet.LoginServlet - Forwarding user with IP address 0:0:0:0:0:0:0:1 to registration-result.jsp
[m[32m2023-12-25 01:21:26.464 [http-nio-8080-exec-10] INFO  com.adventurequest.controller.servlet.LoginServlet - User with IP address 0:0:0:0:0:0:0:1 sent the data for login
[m[33m2023-12-25 01:21:26.509 [http-nio-8080-exec-10] WARN  com.adventurequest.controller.servlet.LoginServlet - User with IP address 0:0:0:0:0:0:0:1 sent invalid data to login!
[m[34m2023-12-25 01:21:26.509 [http-nio-8080-exec-10] DEBUG com.adventurequest.controller.servlet.LoginServlet - Forwarding user with IP address 0:0:0:0:0:0:0:1 to registration-result.jsp
[m[32m2023-12-25 01:21:46.186 [http-nio-8080-exec-7] INFO  com.adventurequest.controller.servlet.LoginServlet - User with IP address 0:0:0:0:0:0:0:1 sent the data for login
[m[32m2023-12-25 01:21:46.222 [http-nio-8080-exec-7] INFO  com.adventurequest.controller.servlet.LoginServlet - User with IP address 0:0:0:0:0:0:0:1 sent valid data to login!
[m[34m2023-12-25 01:21:46.222 [http-nio-8080-exec-7] DEBUG com.adventurequest.controller.servlet.LoginServlet - Forwarding user with IP address 0:0:0:0:0:0:0:1 to registration-result.jsp
[m[34m2023-12-25 01:22:19.143 [http-nio-8080-exec-7] DEBUG com.adventurequest.controller.servlet.LoginServlet - User: null get login page
[m[32m2023-12-25 01:22:24.167 [http-nio-8080-exec-6] INFO  com.adventurequest.controller.servlet.LoginServlet - User with IP address 0:0:0:0:0:0:0:1 sent the data for login
[m[33m2023-12-25 01:22:24.206 [http-nio-8080-exec-6] WARN  com.adventurequest.controller.servlet.LoginServlet - User with IP address 0:0:0:0:0:0:0:1 sent invalid data to login!
[m[34m2023-12-25 01:22:24.206 [http-nio-8080-exec-6] DEBUG com.adventurequest.controller.servlet.LoginServlet - Forwarding user with IP address 0:0:0:0:0:0:0:1 to registration-result.jsp
[m[32m2023-12-25 01:39:42.790 [http-nio-8080-exec-6] INFO  com.adventurequest.controller.servlet.LoginServlet - User with IP address 0:0:0:0:0:0:0:1 sent the data for login
[m[33m2023-12-25 01:39:43.002 [http-nio-8080-exec-6] WARN  com.adventurequest.controller.servlet.LoginServlet - User with IP address 0:0:0:0:0:0:0:1 sent invalid data to login!
[m[34m2023-12-25 01:39:43.002 [http-nio-8080-exec-6] DEBUG com.adventurequest.controller.servlet.LoginServlet - Forwarding user with IP address 0:0:0:0:0:0:0:1 to registration-result.jsp
[m[32m2023-12-25 01:39:52.720 [http-nio-8080-exec-3] INFO  com.adventurequest.controller.servlet.LoginServlet - User with IP address 0:0:0:0:0:0:0:1 sent the data for login
[m[33m2023-12-25 01:39:52.757 [http-nio-8080-exec-3] WARN  com.adventurequest.controller.servlet.LoginServlet - User with IP address 0:0:0:0:0:0:0:1 sent invalid data to login!
[m[34m2023-12-25 01:39:52.757 [http-nio-8080-exec-3] DEBUG com.adventurequest.controller.servlet.LoginServlet - Forwarding user with IP address 0:0:0:0:0:0:0:1 to registration-result.jsp
[m[32m2023-12-25 01:40:19.662 [http-nio-8080-exec-11] INFO  com.adventurequest.controller.servlet.LoginServlet - User with IP address 0:0:0:0:0:0:0:1 sent the data for login
[m[33m2023-12-25 01:40:19.699 [http-nio-8080-exec-11] WARN  com.adventurequest.controller.servlet.LoginServlet - User with IP address 0:0:0:0:0:0:0:1 sent invalid data to login!
[m[34m2023-12-25 01:40:19.699 [http-nio-8080-exec-11] DEBUG com.adventurequest.controller.servlet.LoginServlet - Forwarding user with IP address 0:0:0:0:0:0:0:1 to registration-result.jsp
[m[32m2023-12-25 01:40:26.004 [http-nio-8080-exec-8] INFO  com.adventurequest.controller.servlet.LoginServlet - User with IP address 0:0:0:0:0:0:0:1 sent the data for login
[m[32m2023-12-25 01:40:26.058 [http-nio-8080-exec-8] INFO  com.adventurequest.controller.servlet.LoginServlet - User with IP address 0:0:0:0:0:0:0:1 sent valid data to login!
[m[34m2023-12-25 01:40:26.059 [http-nio-8080-exec-8] DEBUG com.adventurequest.controller.servlet.LoginServlet - Forwarding user with IP address 0:0:0:0:0:0:0:1 to registration-result.jsp
[m[34m2023-12-25 01:42:01.564 [http-nio-8080-exec-4] DEBUG com.adventurequest.controller.servlet.LoginServlet - User: null get login page
[m[32m2023-12-25 01:42:04.838 [http-nio-8080-exec-5] INFO  com.adventurequest.controller.servlet.LoginServlet - User with IP address 0:0:0:0:0:0:0:1 sent the data for login
[m[32m2023-12-25 01:42:05.181 [http-nio-8080-exec-5] INFO  com.adventurequest.controller.servlet.LoginServlet - User with IP address 0:0:0:0:0:0:0:1 sent valid data to login!
[m[34m2023-12-25 01:42:05.181 [http-nio-8080-exec-5] DEBUG com.adventurequest.controller.servlet.LoginServlet - Forwarding user with IP address 0:0:0:0:0:0:0:1 to registration-result.jsp
[m[32m2023-12-25 01:44:24.832 [http-nio-8080-exec-4] INFO  com.adventurequest.controller.servlet.LoginServlet - User with IP address 0:0:0:0:0:0:0:1 sent the data for login
[m[32m2023-12-25 01:44:25.138 [http-nio-8080-exec-4] INFO  com.adventurequest.controller.servlet.LoginServlet - User with IP address 0:0:0:0:0:0:0:1 sent valid data to login!
[m[34m2023-12-25 01:44:25.138 [http-nio-8080-exec-4] DEBUG com.adventurequest.controller.servlet.LoginServlet - Forwarding user with IP address 0:0:0:0:0:0:0:1 to registration-result.jsp
[m