[34m2023-11-28 00:55:47.854 [http-nio-8080-exec-4] DEBUG com.adventurequest.controller.servlet.ProfileServlet - User with IP address 0:0:0:0:0:0:0:1 get the menu page
[m[34m2023-11-28 00:55:50.496 [http-nio-8080-exec-5] DEBUG com.adventurequest.controller.servlet.ProfileServlet - User with IP address 0:0:0:0:0:0:0:1 get the menu page
[m[34m2023-11-28 00:55:51.686 [http-nio-8080-exec-6] DEBUG com.adventurequest.controller.servlet.ProfileServlet - User with IP address 0:0:0:0:0:0:0:1 get the menu page
[m[34m2023-11-28 00:56:38.482 [http-nio-8080-exec-10] DEBUG com.adventurequest.controller.servlet.ProfileServlet - User with IP address 0:0:0:0:0:0:0:1 get the menu page
[m[34m2023-11-28 00:58:53.546 [http-nio-8080-exec-17] DEBUG com.adventurequest.controller.servlet.ProfileServlet - User with IP address 0:0:0:0:0:0:0:1 get the menu page
[m[34m2023-11-28 01:01:03.447 [http-nio-8080-exec-14] DEBUG com.adventurequest.controller.servlet.ProfileServlet - User with IP address 0:0:0:0:0:0:0:1 get the menu page
[m[34m2023-11-28 01:01:47.564 [http-nio-8080-exec-29] DEBUG com.adventurequest.controller.servlet.ProfileServlet - User with IP address 0:0:0:0:0:0:0:1 get the menu page
[m[34m2023-11-28 01:01:48.377 [http-nio-8080-exec-31] DEBUG com.adventurequest.controller.servlet.ProfileServlet - User with IP address 0:0:0:0:0:0:0:1 get the menu page
[m[34m2023-11-28 01:05:19.760 [http-nio-8080-exec-35] DEBUG com.adventurequest.controller.servlet.ProfileServlet - User with IP address 0:0:0:0:0:0:0:1 get the menu page
[m[34m2023-11-28 01:07:08.354 [http-nio-8080-exec-39] DEBUG com.adventurequest.controller.servlet.ProfileServlet - User with IP address 0:0:0:0:0:0:0:1 get the menu page
[m[34m2023-11-28 01:42:18.300 [http-nio-8080-exec-11] DEBUG com.adventurequest.controller.servlet.ProfileServlet - User with IP address 0:0:0:0:0:0:0:1 get the menu page
[m[34m2023-11-28 01:44:25.877 [http-nio-8080-exec-7] DEBUG com.adventurequest.controller.servlet.ProfileServlet - User with IP address 0:0:0:0:0:0:0:1 get the menu page
[m[34m2023-11-28 21:36:39.738 [http-nio-8080-exec-10] DEBUG com.adventurequest.controller.servlet.ProfileServlet - User with IP address 0:0:0:0:0:0:0:1 get the menu page
[m[34m2023-11-28 21:39:03.719 [http-nio-8080-exec-3] DEBUG com.adventurequest.controller.servlet.ProfileServlet - User with IP address 0:0:0:0:0:0:0:1 get the menu page
[m[34m2023-11-28 21:39:25.617 [http-nio-8080-exec-3] DEBUG com.adventurequest.controller.servlet.ProfileServlet - User with IP address 127.0.0.1 get the menu page
[m[34m2023-11-28 21:40:50.139 [http-nio-8080-exec-9] DEBUG com.adventurequest.controller.servlet.ProfileServlet - User with IP address 0:0:0:0:0:0:0:1 get the menu page
[m[34m2023-11-28 21:43:27.838 [http-nio-8080-exec-2] DEBUG com.adventurequest.controller.servlet.ProfileServlet - User with IP address 0:0:0:0:0:0:0:1 get the menu page
[m[34m2023-11-28 21:44:11.397 [http-nio-8080-exec-18] DEBUG com.adventurequest.controller.servlet.ProfileServlet - User with IP address 0:0:0:0:0:0:0:1 get the menu page
[m[34m2023-11-28 21:45:08.007 [http-nio-8080-exec-28] DEBUG com.adventurequest.controller.servlet.ProfileServlet - User with IP address 0:0:0:0:0:0:0:1 get the menu page
[m[34m2023-11-28 21:45:52.762 [http-nio-8080-exec-33] DEBUG com.adventurequest.controller.servlet.ProfileServlet - User with IP address 0:0:0:0:0:0:0:1 get the menu page
[m[34m2023-11-29 18:49:34.044 [http-nio-8080-exec-9] DEBUG com.adventurequest.controller.servlet.ProfileServlet - User with IP address 0:0:0:0:0:0:0:1 get the menu page
[m[34m2023-11-29 18:54:09.474 [http-nio-8080-exec-2] DEBUG com.adventurequest.controller.servlet.ProfileServlet - User with IP address 0:0:0:0:0:0:0:1 get the menu page
[m[34m2023-11-29 18:54:40.249 [http-nio-8080-exec-11] DEBUG com.adventurequest.controller.servlet.ProfileServlet - User with IP address 0:0:0:0:0:0:0:1 get the menu page
[m[34m2023-11-29 18:58:02.018 [http-nio-8080-exec-25] DEBUG com.adventurequest.controller.servlet.ProfileServlet - User with IP address 0:0:0:0:0:0:0:1 get the menu page
[m[34m2023-11-29 18:58:03.815 [http-nio-8080-exec-26] DEBUG com.adventurequest.controller.servlet.ProfileServlet - User with IP address 0:0:0:0:0:0:0:1 get the menu page
[m[34m2023-11-29 18:58:22.892 [http-nio-8080-exec-32] DEBUG com.adventurequest.controller.servlet.ProfileServlet - User with IP address 0:0:0:0:0:0:0:1 get the menu page
[m[34m2023-11-29 18:59:40.201 [http-nio-8080-exec-40] DEBUG com.adventurequest.controller.servlet.ProfileServlet - User with IP address 0:0:0:0:0:0:0:1 get the menu page
[m[34m2023-11-29 19:01:24.539 [http-nio-8080-exec-34] DEBUG com.adventurequest.controller.servlet.ProfileServlet - User with IP address 0:0:0:0:0:0:0:1 get the menu page
[m[34m2023-11-29 19:07:26.067 [http-nio-8080-exec-56] DEBUG com.adventurequest.controller.servlet.ProfileServlet - User with IP address 0:0:0:0:0:0:0:1 get the menu page
[m[34m2023-11-29 19:08:34.996 [http-nio-8080-exec-60] DEBUG com.adventurequest.controller.servlet.ProfileServlet - User with IP address 0:0:0:0:0:0:0:1 get the menu page
[m[34m2023-11-29 19:10:01.904 [http-nio-8080-exec-66] DEBUG com.adventurequest.controller.servlet.ProfileServlet - User with IP address 0:0:0:0:0:0:0:1 get the menu page
[m[34m2023-11-29 19:48:56.172 [http-nio-8080-exec-2] DEBUG com.adventurequest.controller.servlet.ProfileServlet - User with IP address 0:0:0:0:0:0:0:1 get the menu page
[m[34m2023-11-29 19:50:18.149 [http-nio-8080-exec-5] DEBUG com.adventurequest.controller.servlet.ProfileServlet - User with IP address 0:0:0:0:0:0:0:1 get the menu page
[m[34m2023-11-29 19:51:02.906 [http-nio-8080-exec-24] DEBUG com.adventurequest.controller.servlet.ProfileServlet - User with IP address 0:0:0:0:0:0:0:1 get the menu page
[m[34m2023-11-29 19:55:18.068 [http-nio-8080-exec-30] DEBUG com.adventurequest.controller.servlet.ProfileServlet - User with IP address 0:0:0:0:0:0:0:1 get the menu page
[m[34m2023-11-29 19:59:05.548 [http-nio-8080-exec-40] DEBUG com.adventurequest.controller.servlet.ProfileServlet - User with IP address 0:0:0:0:0:0:0:1 get the menu page
[m[34m2023-11-29 20:06:13.515 [http-nio-8080-exec-44] DEBUG com.adventurequest.controller.servlet.ProfileServlet - User with IP address 0:0:0:0:0:0:0:1 get the menu page
[m[34m2023-11-29 20:07:46.927 [http-nio-8080-exec-49] DEBUG com.adventurequest.controller.servlet.ProfileServlet - User with IP address 0:0:0:0:0:0:0:1 get the menu page
[m[34m2023-11-29 20:10:43.926 [http-nio-8080-exec-61] DEBUG com.adventurequest.controller.servlet.ProfileServlet - User with IP address 0:0:0:0:0:0:0:1 get the menu page
[m[34m2023-11-29 20:11:39.136 [http-nio-8080-exec-71] DEBUG com.adventurequest.controller.servlet.ProfileServlet - User with IP address 0:0:0:0:0:0:0:1 get the menu page
[m[34m2023-11-29 20:27:44.279 [http-nio-8080-exec-79] DEBUG com.adventurequest.controller.servlet.ProfileServlet - User with IP address 0:0:0:0:0:0:0:1 get the menu page
[m[34m2023-11-29 20:28:20.437 [http-nio-8080-exec-10] DEBUG com.adventurequest.controller.servlet.ProfileServlet - User with IP address 0:0:0:0:0:0:0:1 get the menu page
[m[34m2023-11-29 20:29:01.634 [http-nio-8080-exec-7] DEBUG com.adventurequest.controller.servlet.ProfileServlet - User with IP address 0:0:0:0:0:0:0:1 get the menu page
[m[34m2023-11-29 20:32:30.416 [http-nio-8080-exec-3] DEBUG com.adventurequest.controller.servlet.ProfileServlet - User with IP address 0:0:0:0:0:0:0:1 get the menu page
[m[34m2023-11-29 20:33:58.703 [http-nio-8080-exec-12] DEBUG com.adventurequest.controller.servlet.ProfileServlet - User with IP address 0:0:0:0:0:0:0:1 get the menu page
[m[34m2023-11-29 20:34:30.815 [http-nio-8080-exec-21] DEBUG com.adventurequest.controller.servlet.ProfileServlet - User with IP address 0:0:0:0:0:0:0:1 get the menu page
[m[34m2023-11-29 20:37:49.765 [http-nio-8080-exec-27] DEBUG com.adventurequest.controller.servlet.ProfileServlet - User with IP address 0:0:0:0:0:0:0:1 get the menu page
[m[34m2023-11-29 20:40:46.323 [http-nio-8080-exec-28] DEBUG com.adventurequest.controller.servlet.ProfileServlet - User with IP address 0:0:0:0:0:0:0:1 get the menu page
[m[34m2023-11-29 20:44:52.147 [http-nio-8080-exec-1] DEBUG com.adventurequest.controller.servlet.ProfileServlet - User with IP address 0:0:0:0:0:0:0:1 get the menu page
[m[34m2023-11-29 20:45:27.726 [http-nio-8080-exec-5] DEBUG com.adventurequest.controller.servlet.ProfileServlet - User with IP address 0:0:0:0:0:0:0:1 get the menu page
[m[34m2023-11-29 20:45:36.540 [http-nio-8080-exec-7] DEBUG com.adventurequest.controller.servlet.ProfileServlet - User with IP address 0:0:0:0:0:0:0:1 get the menu page
[m[34m2023-11-29 20:52:51.110 [http-nio-8080-exec-5] DEBUG com.adventurequest.controller.servlet.ProfileServlet - User with IP address 0:0:0:0:0:0:0:1 get the menu page
[m[34m2023-11-29 20:52:58.307 [http-nio-8080-exec-8] DEBUG com.adventurequest.controller.servlet.ProfileServlet - User with IP address 0:0:0:0:0:0:0:1 get the menu page
[m[34m2023-11-29 20:53:13.389 [http-nio-8080-exec-2] DEBUG com.adventurequest.controller.servlet.ProfileServlet - User with IP address 0:0:0:0:0:0:0:1 get the menu page
[m[34m2023-11-29 20:57:55.836 [http-nio-8080-exec-6] DEBUG com.adventurequest.controller.servlet.ProfileServlet - User with IP address 0:0:0:0:0:0:0:1 get the menu page
[m[34m2023-11-29 22:34:32.641 [http-nio-8080-exec-5] DEBUG com.adventurequest.controller.servlet.ProfileServlet - User with IP address 0:0:0:0:0:0:0:1 get the menu page
[m[34m2023-11-29 22:34:55.310 [http-nio-8080-exec-8] DEBUG com.adventurequest.controller.servlet.ProfileServlet - User with IP address 0:0:0:0:0:0:0:1 get the menu page
[m[34m2023-11-29 22:37:03.475 [http-nio-8080-exec-7] DEBUG com.adventurequest.controller.servlet.ProfileServlet - User with IP address 0:0:0:0:0:0:0:1 get the menu page
[m[34m2023-11-29 23:06:07.201 [http-nio-8080-exec-10] DEBUG com.adventurequest.controller.servlet.ProfileServlet - User with IP address 0:0:0:0:0:0:0:1 get the menu page
[m[34m2023-11-29 23:07:33.511 [http-nio-8080-exec-8] DEBUG com.adventurequest.controller.servlet.ProfileServlet - User with IP address 0:0:0:0:0:0:0:1 get the menu page
[m[34m2023-11-29 23:07:49.745 [http-nio-8080-exec-3] DEBUG com.adventurequest.controller.servlet.ProfileServlet - User with IP address 0:0:0:0:0:0:0:1 get the menu page
[m[34m2023-11-29 23:10:23.122 [http-nio-8080-exec-15] DEBUG com.adventurequest.controller.servlet.ProfileServlet - User with IP address 0:0:0:0:0:0:0:1 get the menu page
[m[34m2023-11-29 23:10:38.064 [http-nio-8080-exec-24] DEBUG com.adventurequest.controller.servlet.ProfileServlet - User with IP address 0:0:0:0:0:0:0:1 get the menu page
[m[34m2023-11-29 23:27:09.678 [http-nio-8080-exec-1] DEBUG com.adventurequest.controller.servlet.ProfileServlet - User with IP address 0:0:0:0:0:0:0:1 get the menu page
[m[34m2023-11-29 23:27:19.753 [http-nio-8080-exec-5] DEBUG com.adventurequest.controller.servlet.ProfileServlet - User with IP address 0:0:0:0:0:0:0:1 get the menu page
[m[34m2023-11-29 23:41:11.599 [http-nio-8080-exec-4] DEBUG com.adventurequest.controller.servlet.ProfileServlet - User with IP address 0:0:0:0:0:0:0:1 get the menu page
[m[34m2023-11-29 23:50:14.598 [http-nio-8080-exec-35] DEBUG com.adventurequest.controller.servlet.ProfileServlet - User with IP address 0:0:0:0:0:0:0:1 get the menu page
[m[34m2023-11-29 23:50:27.098 [http-nio-8080-exec-37] DEBUG com.adventurequest.controller.servlet.ProfileServlet - User with IP address 0:0:0:0:0:0:0:1 get the menu page
[m[34m2023-11-29 23:50:41.823 [http-nio-8080-exec-33] DEBUG com.adventurequest.controller.servlet.ProfileServlet - User with IP address 0:0:0:0:0:0:0:1 get the menu page
[m[34m2023-11-29 23:54:58.236 [http-nio-8080-exec-9] DEBUG com.adventurequest.controller.servlet.ProfileServlet - User with IP address 0:0:0:0:0:0:0:1 get the menu page
[m[34m2023-11-29 23:55:24.690 [http-nio-8080-exec-3] DEBUG com.adventurequest.controller.servlet.ProfileServlet - User with IP address 0:0:0:0:0:0:0:1 get the menu page
[m[34m2023-11-30 00:02:43.939 [http-nio-8080-exec-1] DEBUG com.adventurequest.controller.servlet.ProfileServlet - User with IP address 0:0:0:0:0:0:0:1 get the menu page
[m[34m2023-11-30 00:03:05.365 [http-nio-8080-exec-4] DEBUG com.adventurequest.controller.servlet.ProfileServlet - User with IP address 0:0:0:0:0:0:0:1 get the menu page
[m[34m2023-12-01 00:46:20.996 [http-nio-8080-exec-5] DEBUG com.adventurequest.controller.servlet.ProfileServlet - User with IP address 0:0:0:0:0:0:0:1 get the profile page
[m[34m2023-12-01 00:46:23.527 [http-nio-8080-exec-8] DEBUG com.adventurequest.controller.servlet.ProfileServlet - User with IP address 0:0:0:0:0:0:0:1 get the profile page
[m[34m2023-12-01 00:46:24.022 [http-nio-8080-exec-3] DEBUG com.adventurequest.controller.servlet.ProfileServlet - User with IP address 0:0:0:0:0:0:0:1 get the profile page
[m[34m2023-12-01 00:52:34.802 [http-nio-8080-exec-30] DEBUG com.adventurequest.controller.servlet.ProfileServlet - User with IP address 0:0:0:0:0:0:0:1 get the profile page
[m[34m2023-12-01 00:52:44.254 [http-nio-8080-exec-32] DEBUG com.adventurequest.controller.servlet.ProfileServlet - User with IP address 0:0:0:0:0:0:0:1 get the profile page
[m[34m2023-12-01 00:53:16.166 [http-nio-8080-exec-29] DEBUG com.adventurequest.controller.servlet.ProfileServlet - User with IP address 0:0:0:0:0:0:0:1 get the profile page
[m[34m2023-12-01 00:53:17.313 [http-nio-8080-exec-35] DEBUG com.adventurequest.controller.servlet.ProfileServlet - User with IP address 0:0:0:0:0:0:0:1 get the profile page
[m[34m2023-12-01 00:53:27.125 [http-nio-8080-exec-33] DEBUG com.adventurequest.controller.servlet.ProfileServlet - User with IP address 0:0:0:0:0:0:0:1 get the profile page
[m[34m2023-12-01 00:54:10.766 [http-nio-8080-exec-34] DEBUG com.adventurequest.controller.servlet.ProfileServlet - User with IP address 0:0:0:0:0:0:0:1 get the profile page
[m[34m2023-12-02 18:52:39.210 [http-nio-8080-exec-5] DEBUG com.adventurequest.controller.servlet.ProfileServlet - User with IP address 0:0:0:0:0:0:0:1 get the profile page
[m[34m2023-12-02 18:53:18.890 [http-nio-8080-exec-5] DEBUG com.adventurequest.controller.servlet.ProfileServlet - User with IP address 0:0:0:0:0:0:0:1 get the profile page
[m[34m2023-12-02 18:55:09.053 [http-nio-8080-exec-10] DEBUG com.adventurequest.controller.servlet.ProfileServlet - User with IP address 0:0:0:0:0:0:0:1 get the profile page
[m[34m2023-12-02 18:55:27.773 [http-nio-8080-exec-5] DEBUG com.adventurequest.controller.servlet.ProfileServlet - User with IP address 0:0:0:0:0:0:0:1 get the profile page
[m[34m2023-12-02 18:57:05.599 [http-nio-8080-exec-6] DEBUG com.adventurequest.controller.servlet.ProfileServlet - User with IP address 0:0:0:0:0:0:0:1 get the profile page
[m[34m2023-12-02 18:58:59.995 [http-nio-8080-exec-5] DEBUG com.adventurequest.controller.servlet.ProfileServlet - User with IP address 0:0:0:0:0:0:0:1 get the profile page
[m[34m2023-12-02 19:36:17.613 [http-nio-8080-exec-6] DEBUG com.adventurequest.controller.servlet.ProfileServlet - User with IP address 0:0:0:0:0:0:0:1 get the profile page
[m[34m2023-12-02 19:38:14.005 [http-nio-8080-exec-7] DEBUG com.adventurequest.controller.servlet.ProfileServlet - User with IP address 0:0:0:0:0:0:0:1 get the profile page
[m[34m2023-12-02 19:40:03.640 [http-nio-8080-exec-8] DEBUG com.adventurequest.controller.servlet.ProfileServlet - User with IP address 0:0:0:0:0:0:0:1 get the profile page
[m[34m2023-12-02 19:44:35.598 [http-nio-8080-exec-8] DEBUG com.adventurequest.controller.servlet.ProfileServlet - User with IP address 0:0:0:0:0:0:0:1 get the profile page
[m[34m2023-12-02 19:45:36.970 [http-nio-8080-exec-5] DEBUG com.adventurequest.controller.servlet.ProfileServlet - User with IP address 0:0:0:0:0:0:0:1 get the profile page
[m[34m2023-12-02 19:46:03.309 [http-nio-8080-exec-10] DEBUG com.adventurequest.controller.servlet.ProfileServlet - User with IP address 0:0:0:0:0:0:0:1 get the profile page
[m[34m2023-12-02 19:46:03.393 [http-nio-8080-exec-1] DEBUG com.adventurequest.controller.servlet.ProfileServlet - User with IP address 0:0:0:0:0:0:0:1 get the profile page
[m[34m2023-12-02 19:47:55.519 [http-nio-8080-exec-1] DEBUG com.adventurequest.controller.servlet.ProfileServlet - User with IP address 0:0:0:0:0:0:0:1 get the profile page
[m[34m2023-12-02 19:48:02.157 [http-nio-8080-exec-11] DEBUG com.adventurequest.controller.servlet.ProfileServlet - User with IP address 0:0:0:0:0:0:0:1 get the profile page
[m[34m2023-12-02 20:17:19.427 [http-nio-8080-exec-8] DEBUG com.adventurequest.controller.servlet.ProfileServlet - User with IP address 0:0:0:0:0:0:0:1 get the profile page
[m[34m2023-12-02 20:17:26.750 [http-nio-8080-exec-9] DEBUG com.adventurequest.controller.servlet.ProfileServlet - User with IP address 0:0:0:0:0:0:0:1 get the profile page
[m[34m2023-12-02 20:18:28.542 [http-nio-8080-exec-5] DEBUG com.adventurequest.controller.servlet.ProfileServlet - User with IP address 0:0:0:0:0:0:0:1 get the profile page
[m[34m2023-12-02 20:21:08.817 [http-nio-8080-exec-2] DEBUG com.adventurequest.controller.servlet.ProfileServlet - User with IP address 0:0:0:0:0:0:0:1 get the profile page
[m[34m2023-12-02 20:21:45.291 [http-nio-8080-exec-12] DEBUG com.adventurequest.controller.servlet.ProfileServlet - User with IP address 0:0:0:0:0:0:0:1 get the profile page
[m[34m2023-12-02 20:22:56.229 [http-nio-8080-exec-20] DEBUG com.adventurequest.controller.servlet.ProfileServlet - User with IP address 0:0:0:0:0:0:0:1 get the profile page
[m[34m2023-12-02 20:25:07.751 [http-nio-8080-exec-21] DEBUG com.adventurequest.controller.servlet.ProfileServlet - User with IP address 0:0:0:0:0:0:0:1 get the profile page
[m[34m2023-12-02 20:47:20.815 [http-nio-8080-exec-34] DEBUG com.adventurequest.controller.servlet.ProfileServlet - User with IP address 0:0:0:0:0:0:0:1 get the profile page
[m[34m2023-12-02 20:49:16.568 [http-nio-8080-exec-47] DEBUG com.adventurequest.controller.servlet.ProfileServlet - User with IP address 0:0:0:0:0:0:0:1 get the profile page
[m[34m2023-12-02 21:11:40.075 [http-nio-8080-exec-4] DEBUG com.adventurequest.controller.servlet.ProfileServlet - User with IP address 0:0:0:0:0:0:0:1 get the profile page
[m[34m2023-12-02 23:13:47.761 [http-nio-8080-exec-2] DEBUG com.adventurequest.controller.servlet.ProfileServlet - User with IP address 0:0:0:0:0:0:0:1 get the profile page
[m[34m2023-12-02 23:15:06.111 [http-nio-8080-exec-7] DEBUG com.adventurequest.controller.servlet.ProfileServlet - User with IP address 0:0:0:0:0:0:0:1 get the profile page
[m[34m2023-12-02 23:15:15.863 [http-nio-8080-exec-5] DEBUG com.adventurequest.controller.servlet.ProfileServlet - User with IP address 0:0:0:0:0:0:0:1 get the profile page
[m[34m2023-12-02 23:17:02.895 [http-nio-8080-exec-17] DEBUG com.adventurequest.controller.servlet.ProfileServlet - User with IP address 0:0:0:0:0:0:0:1 get the profile page
[m[34m2023-12-02 23:17:11.246 [http-nio-8080-exec-15] DEBUG com.adventurequest.controller.servlet.ProfileServlet - User with IP address 0:0:0:0:0:0:0:1 get the profile page
[m[34m2023-12-02 23:17:57.546 [http-nio-8080-exec-23] DEBUG com.adventurequest.controller.servlet.ProfileServlet - User with IP address 0:0:0:0:0:0:0:1 get the profile page
[m[34m2023-12-02 23:20:05.310 [http-nio-8080-exec-35] DEBUG com.adventurequest.controller.servlet.ProfileServlet - User with IP address 0:0:0:0:0:0:0:1 get the profile page
[m[34m2023-12-02 23:23:26.500 [http-nio-8080-exec-44] DEBUG com.adventurequest.controller.servlet.ProfileServlet - User with IP address 0:0:0:0:0:0:0:1 get the profile page
[m[34m2023-12-02 23:24:09.904 [http-nio-8080-exec-49] DEBUG com.adventurequest.controller.servlet.ProfileServlet - User with IP address 0:0:0:0:0:0:0:1 get the profile page
[m[34m2023-12-02 23:34:09.783 [http-nio-8080-exec-92] DEBUG com.adventurequest.controller.servlet.ProfileServlet - User with IP address 0:0:0:0:0:0:0:1 get the profile page
[m[34m2023-12-02 23:34:33.048 [http-nio-8080-exec-86] DEBUG com.adventurequest.controller.servlet.ProfileServlet - User with IP address 0:0:0:0:0:0:0:1 get the profile page
[m[34m2023-12-02 23:36:58.770 [http-nio-8080-exec-97] DEBUG com.adventurequest.controller.servlet.ProfileServlet - User with IP address 0:0:0:0:0:0:0:1 get the profile page
[m