[34m2023-12-13 15:56:01.711 [http-nio-8080-exec-3] DEBUG com.adventurequest.controller.servlet.QuestMenuServlet - User with IP address 0:0:0:0:0:0:0:1 get the menu page
[m[34m2023-12-13 15:57:07.256 [http-nio-8080-exec-9] DEBUG com.adventurequest.controller.servlet.QuestMenuServlet - User with IP address 0:0:0:0:0:0:0:1 get the menu page
[m[34m2023-12-13 17:16:27.794 [http-nio-8080-exec-9] DEBUG com.adventurequest.controller.servlet.QuestMenuServlet - User with IP address 0:0:0:0:0:0:0:1 get the menu page
[m[34m2023-12-13 17:18:53.474 [http-nio-8080-exec-5] DEBUG com.adventurequest.controller.servlet.QuestMenuServlet - User with IP address 0:0:0:0:0:0:0:1 get the menu page
[m[34m2023-12-13 17:19:12.029 [http-nio-8080-exec-7] DEBUG com.adventurequest.controller.servlet.QuestMenuServlet - User with IP address 0:0:0:0:0:0:0:1 get the menu page
[m2023-12-14 21:20:40.794 [http-nio-8080-exec-4] DEBUG com.adventurequest.controller.servlet.QuestMenuServlet - User with IP address 0:0:0:0:0:0:0:1 get the menu page
2023-12-14 21:21:24.612 [http-nio-8080-exec-7] DEBUG com.adventurequest.controller.servlet.QuestMenuServlet - User with IP address 0:0:0:0:0:0:0:1 get the menu page
[34m2023-12-15 22:46:09.629 [http-nio-8080-exec-6] DEBUG com.adventurequest.controller.servlet.QuestMenuServlet - User with IP address 0:0:0:0:0:0:0:1 get the menu page
[m[34m2023-12-16 00:52:22.473 [http-nio-8080-exec-5] DEBUG com.adventurequest.controller.servlet.QuestMenuServlet - User with IP address 0:0:0:0:0:0:0:1 get the menu page
[m[34m2023-12-16 00:54:41.200 [http-nio-8080-exec-4] DEBUG com.adventurequest.controller.servlet.QuestMenuServlet - User with IP address 0:0:0:0:0:0:0:1 get the menu page
[m[34m2023-12-16 00:55:18.453 [http-nio-8080-exec-7] DEBUG com.adventurequest.controller.servlet.QuestMenuServlet - User with IP address 0:0:0:0:0:0:0:1 get the menu page
[m[34m2023-12-16 00:56:15.042 [http-nio-8080-exec-10] DEBUG com.adventurequest.controller.servlet.QuestMenuServlet - User with IP address 0:0:0:0:0:0:0:1 get the menu page
[m[34m2023-12-16 01:19:12.447 [http-nio-8080-exec-2] DEBUG com.adventurequest.controller.servlet.QuestMenuServlet - User with IP address 0:0:0:0:0:0:0:1 get the menu page
[m[34m2023-12-17 16:40:10.616 [http-nio-8080-exec-8] DEBUG com.adventurequest.controller.servlet.QuestMenuServlet - User with IP address 0:0:0:0:0:0:0:1 get the menu page
[m[34m2023-12-17 17:43:54.750 [http-nio-8080-exec-6] DEBUG com.adventurequest.controller.servlet.QuestMenuServlet - User with IP address 0:0:0:0:0:0:0:1 get the menu page
[m[34m2023-12-17 17:49:21.702 [http-nio-8080-exec-6] DEBUG com.adventurequest.controller.servlet.QuestMenuServlet - User with IP address 0:0:0:0:0:0:0:1 get the menu page
[m[34m2023-12-17 17:50:01.844 [http-nio-8080-exec-1] DEBUG com.adventurequest.controller.servlet.QuestMenuServlet - User with IP address 0:0:0:0:0:0:0:1 get the menu page
[m[34m2023-12-17 17:50:20.782 [http-nio-8080-exec-8] DEBUG com.adventurequest.controller.servlet.QuestMenuServlet - User with IP address 0:0:0:0:0:0:0:1 get the menu page
[m[34m2023-12-17 23:38:12.213 [http-nio-8080-exec-6] DEBUG com.adventurequest.controller.servlet.QuestMenuServlet - User with IP address 0:0:0:0:0:0:0:1 get the menu page
[m[34m2023-12-17 23:39:59.299 [http-nio-8080-exec-3] DEBUG com.adventurequest.controller.servlet.QuestMenuServlet - User with IP address 0:0:0:0:0:0:0:1 get the menu page
[m[34m2023-12-17 23:41:38.458 [http-nio-8080-exec-3] DEBUG com.adventurequest.controller.servlet.QuestMenuServlet - User with IP address 0:0:0:0:0:0:0:1 get the menu page
[m[34m2023-12-17 23:46:31.832 [http-nio-8080-exec-3] DEBUG com.adventurequest.controller.servlet.QuestMenuServlet - User with IP address 0:0:0:0:0:0:0:1 get the menu page
[m[34m2023-12-17 23:47:19.531 [http-nio-8080-exec-4] DEBUG com.adventurequest.controller.servlet.QuestMenuServlet - User with IP address 0:0:0:0:0:0:0:1 get the menu page
[m[34m2023-12-17 23:50:21.014 [http-nio-8080-exec-1] DEBUG com.adventurequest.controller.servlet.QuestMenuServlet - User with IP address 0:0:0:0:0:0:0:1 get the menu page
[m[34m2023-12-18 00:03:45.958 [http-nio-8080-exec-3] DEBUG com.adventurequest.controller.servlet.QuestMenuServlet - User with IP address 0:0:0:0:0:0:0:1 get the menu page
[m[34m2023-12-18 00:04:04.493 [http-nio-8080-exec-1] DEBUG com.adventurequest.controller.servlet.QuestMenuServlet - User with IP address 0:0:0:0:0:0:0:1 get the menu page
[m[34m2023-12-18 00:05:29.001 [http-nio-8080-exec-6] DEBUG com.adventurequest.controller.servlet.QuestMenuServlet - User with IP address 0:0:0:0:0:0:0:1 get the menu page
[m[34m2023-12-18 00:06:38.174 [http-nio-8080-exec-4] DEBUG com.adventurequest.controller.servlet.QuestMenuServlet - User with IP address 0:0:0:0:0:0:0:1 get the menu page
[m[34m2023-12-18 00:46:54.343 [http-nio-8080-exec-9] DEBUG com.adventurequest.controller.servlet.QuestMenuServlet - User with IP address 0:0:0:0:0:0:0:1 get the menu page
[m[34m2023-12-18 01:11:49.625 [http-nio-8080-exec-2] DEBUG com.adventurequest.controller.servlet.QuestMenuServlet - User with IP address 0:0:0:0:0:0:0:1 get the menu page
[m[34m2023-12-18 20:13:11.662 [http-nio-8080-exec-10] DEBUG com.adventurequest.controller.servlet.QuestMenuServlet - User with IP address 0:0:0:0:0:0:0:1 get the menu page
[m[34m2023-12-18 20:23:40.304 [http-nio-8080-exec-7] DEBUG com.adventurequest.controller.servlet.QuestMenuServlet - User with IP address 0:0:0:0:0:0:0:1 get the menu page
[m[34m2023-12-19 00:25:24.225 [http-nio-8080-exec-6] DEBUG com.adventurequest.controller.servlet.QuestMenuServlet - User with IP address 0:0:0:0:0:0:0:1 get the menu page
[m[34m2023-12-19 00:28:19.735 [http-nio-8080-exec-2] DEBUG com.adventurequest.controller.servlet.QuestMenuServlet - User with IP address 127.0.0.1 get the menu page
[m[34m2023-12-19 13:58:40.064 [http-nio-8080-exec-8] DEBUG com.adventurequest.controller.servlet.QuestMenuServlet - User with IP address 0:0:0:0:0:0:0:1 get the menu page
[m[34m2023-12-20 16:43:39.770 [http-nio-8080-exec-6] DEBUG com.adventurequest.controller.servlet.QuestMenuServlet - User with IP address 0:0:0:0:0:0:0:1 get the menu page
[m[34m2023-12-20 16:44:14.200 [http-nio-8080-exec-2] DEBUG com.adventurequest.controller.servlet.QuestMenuServlet - User with IP address 0:0:0:0:0:0:0:1 get the menu page
[m