[31m2023-11-28 00:23:47.107 [http-nio-8080-exec-3] ERROR com.adventurequest.model.dao.UserDao - Error saving user
[m org.postgresql.util.PSQLException: Cannot cast an instance of [Ljava.lang.Byte; to type Types.ARRAY
	at org.postgresql.jdbc.PgPreparedStatement.setObject(PgPreparedStatement.java:1046) ~[postgresql-42.6.0.jar:42.6.0]
	at com.adventurequest.model.dao.UserDao.save(UserDao.java:142) [classes/:?]
	at com.adventurequest.model.service.UserService.registerUser(UserService.java:49) [classes/:?]
	at com.adventurequest.controller.servlet.RegistrationServlet.doPost(RegistrationServlet.java:37) [classes/:?]
	at jakarta.servlet.http.HttpServlet.service(HttpServlet.java:590) [servlet-api.jar:6.0]
	at jakarta.servlet.http.HttpServlet.service(HttpServlet.java:658) [servlet-api.jar:6.0]
	at org.apache.catalina.core.ApplicationFilterChain.internalDoFilter(ApplicationFilterChain.java:205) [catalina.jar:10.1.15]
	at org.apache.catalina.core.ApplicationFilterChain.doFilter(ApplicationFilterChain.java:149) [catalina.jar:10.1.15]
	at org.apache.tomcat.websocket.server.WsFilter.doFilter(WsFilter.java:51) [tomcat-websocket.jar:10.1.15]
	at org.apache.catalina.core.ApplicationFilterChain.internalDoFilter(ApplicationFilterChain.java:174) [catalina.jar:10.1.15]
	at org.apache.catalina.core.ApplicationFilterChain.doFilter(ApplicationFilterChain.java:149) [catalina.jar:10.1.15]
	at org.apache.catalina.core.StandardWrapperValve.invoke(StandardWrapperValve.java:167) [catalina.jar:10.1.15]
	at org.apache.catalina.core.StandardContextValve.invoke(StandardContextValve.java:90) [catalina.jar:10.1.15]
	at org.apache.catalina.authenticator.AuthenticatorBase.invoke(AuthenticatorBase.java:482) [catalina.jar:10.1.15]
	at org.apache.catalina.core.StandardHostValve.invoke(StandardHostValve.java:115) [catalina.jar:10.1.15]
	at org.apache.catalina.valves.ErrorReportValve.invoke(ErrorReportValve.java:93) [catalina.jar:10.1.15]
	at org.apache.catalina.valves.AbstractAccessLogValve.invoke(AbstractAccessLogValve.java:673) [catalina.jar:10.1.15]
	at org.apache.catalina.core.StandardEngineValve.invoke(StandardEngineValve.java:74) [catalina.jar:10.1.15]
	at org.apache.catalina.connector.CoyoteAdapter.service(CoyoteAdapter.java:340) [catalina.jar:10.1.15]
	at org.apache.coyote.http11.Http11Processor.service(Http11Processor.java:391) [tomcat-coyote.jar:10.1.15]
	at org.apache.coyote.AbstractProcessorLight.process(AbstractProcessorLight.java:63) [tomcat-coyote.jar:10.1.15]
	at org.apache.coyote.AbstractProtocol$ConnectionHandler.process(AbstractProtocol.java:896) [tomcat-coyote.jar:10.1.15]
	at org.apache.tomcat.util.net.NioEndpoint$SocketProcessor.doRun(NioEndpoint.java:1744) [tomcat-coyote.jar:10.1.15]
	at org.apache.tomcat.util.net.SocketProcessorBase.run(SocketProcessorBase.java:52) [tomcat-coyote.jar:10.1.15]
	at org.apache.tomcat.util.threads.ThreadPoolExecutor.runWorker(ThreadPoolExecutor.java:1191) [tomcat-util.jar:10.1.15]
	at org.apache.tomcat.util.threads.ThreadPoolExecutor$Worker.run(ThreadPoolExecutor.java:659) [tomcat-util.jar:10.1.15]
	at org.apache.tomcat.util.threads.TaskThread$WrappingRunnable.run(TaskThread.java:61) [tomcat-util.jar:10.1.15]
	at java.base/java.lang.Thread.run(Thread.java:1589) [?:?]
Caused by: java.sql.SQLFeatureNotSupportedException
	at org.postgresql.jdbc.PgPreparedStatement.setObjectArray(PgPreparedStatement.java:766) ~[postgresql-42.6.0.jar:42.6.0]
	at org.postgresql.jdbc.PgPreparedStatement.setObject(PgPreparedStatement.java:1043) ~[postgresql-42.6.0.jar:42.6.0]
	... 27 more
[31m2023-11-28 00:25:54.306 [http-nio-8080-exec-2] ERROR com.adventurequest.model.dao.UserDao - Error saving user
[m org.postgresql.util.PSQLException: Cannot cast an instance of [Ljava.lang.Byte; to type Types.ARRAY
	at org.postgresql.jdbc.PgPreparedStatement.setObject(PgPreparedStatement.java:1046) ~[postgresql-42.6.0.jar:42.6.0]
	at com.adventurequest.model.dao.UserDao.save(UserDao.java:142) [classes/:?]
	at com.adventurequest.model.service.UserService.registerUser(UserService.java:49) [classes/:?]
	at com.adventurequest.controller.servlet.RegistrationServlet.doPost(RegistrationServlet.java:37) [classes/:?]
	at jakarta.servlet.http.HttpServlet.service(HttpServlet.java:590) [servlet-api.jar:6.0]
	at jakarta.servlet.http.HttpServlet.service(HttpServlet.java:658) [servlet-api.jar:6.0]
	at org.apache.catalina.core.ApplicationFilterChain.internalDoFilter(ApplicationFilterChain.java:205) [catalina.jar:10.1.15]
	at org.apache.catalina.core.ApplicationFilterChain.doFilter(ApplicationFilterChain.java:149) [catalina.jar:10.1.15]
	at org.apache.tomcat.websocket.server.WsFilter.doFilter(WsFilter.java:51) [tomcat-websocket.jar:10.1.15]
	at org.apache.catalina.core.ApplicationFilterChain.internalDoFilter(ApplicationFilterChain.java:174) [catalina.jar:10.1.15]
	at org.apache.catalina.core.ApplicationFilterChain.doFilter(ApplicationFilterChain.java:149) [catalina.jar:10.1.15]
	at org.apache.catalina.core.StandardWrapperValve.invoke(StandardWrapperValve.java:167) [catalina.jar:10.1.15]
	at org.apache.catalina.core.StandardContextValve.invoke(StandardContextValve.java:90) [catalina.jar:10.1.15]
	at org.apache.catalina.authenticator.AuthenticatorBase.invoke(AuthenticatorBase.java:482) [catalina.jar:10.1.15]
	at org.apache.catalina.core.StandardHostValve.invoke(StandardHostValve.java:115) [catalina.jar:10.1.15]
	at org.apache.catalina.valves.ErrorReportValve.invoke(ErrorReportValve.java:93) [catalina.jar:10.1.15]
	at org.apache.catalina.valves.AbstractAccessLogValve.invoke(AbstractAccessLogValve.java:673) [catalina.jar:10.1.15]
	at org.apache.catalina.core.StandardEngineValve.invoke(StandardEngineValve.java:74) [catalina.jar:10.1.15]
	at org.apache.catalina.connector.CoyoteAdapter.service(CoyoteAdapter.java:340) [catalina.jar:10.1.15]
	at org.apache.coyote.http11.Http11Processor.service(Http11Processor.java:391) [tomcat-coyote.jar:10.1.15]
	at org.apache.coyote.AbstractProcessorLight.process(AbstractProcessorLight.java:63) [tomcat-coyote.jar:10.1.15]
	at org.apache.coyote.AbstractProtocol$ConnectionHandler.process(AbstractProtocol.java:896) [tomcat-coyote.jar:10.1.15]
	at org.apache.tomcat.util.net.NioEndpoint$SocketProcessor.doRun(NioEndpoint.java:1744) [tomcat-coyote.jar:10.1.15]
	at org.apache.tomcat.util.net.SocketProcessorBase.run(SocketProcessorBase.java:52) [tomcat-coyote.jar:10.1.15]
	at org.apache.tomcat.util.threads.ThreadPoolExecutor.runWorker(ThreadPoolExecutor.java:1191) [tomcat-util.jar:10.1.15]
	at org.apache.tomcat.util.threads.ThreadPoolExecutor$Worker.run(ThreadPoolExecutor.java:659) [tomcat-util.jar:10.1.15]
	at org.apache.tomcat.util.threads.TaskThread$WrappingRunnable.run(TaskThread.java:61) [tomcat-util.jar:10.1.15]
	at java.base/java.lang.Thread.run(Thread.java:1589) [?:?]
Caused by: java.sql.SQLFeatureNotSupportedException
	at org.postgresql.jdbc.PgPreparedStatement.setObjectArray(PgPreparedStatement.java:766) ~[postgresql-42.6.0.jar:42.6.0]
	at org.postgresql.jdbc.PgPreparedStatement.setObject(PgPreparedStatement.java:1043) ~[postgresql-42.6.0.jar:42.6.0]
	... 27 more
